#
# A fatal error has been detected by the Java Runtime Environment:
#
#  SIGSEGV (0xb) at pc=0x00007fff20220d29, pid=12620, tid=0x0000000000000307
#
# JRE version: Java(TM) SE Runtime Environment (8.0_281-b09) (build 1.8.0_281-b09)
# Java VM: Java HotSpot(TM) 64-Bit Server VM (25.281-b09 mixed mode bsd-amd64 compressed oops)
# Problematic frame:
# C  [libobjc.A.dylib+0x5d29]  objc_msgSend+0x29
#
# Failed to write core dump. Core dumps have been disabled. To enable core dumping, try "ulimit -c unlimited" before starting Java again
#
# If you would like to submit a bug report, please visit:
#   http://bugreport.java.com/bugreport/crash.jsp
# The crash happened outside the Java Virtual Machine in native code.
# See problematic frame for where to report the bug.
#

---------------  T H R E A D  ---------------

Current thread (0x00007fe8e880c800):  JavaThread "main" [_thread_in_native, id=775, stack(0x00007ffeec755000,0x00007ffeecf55000)]

siginfo: si_signo: 11 (SIGSEGV), si_code: 1 (SEGV_MAPERR), si_addr: 0x00000005432402a0

Registers:
RAX=0x00007fe830363360, RBX=0x000000014cf833d8, RCX=0x00007fe8e780c088, RDX=0x0000000000000000
RSP=0x00007ffeecf4d3e8, RBP=0x00007ffeecf4d400, RSI=0x00007fff7c3cf678, RDI=0x00007fe830363360
R8 =0x0000000000000000, R9 =0x00007fff88413e50, R10=0x000000014b22bdb0, R11=0x00000005432402a0
R12=0x0000000000000000, R13=0x000000014cf833d8, R14=0x00007ffeecf4d4b8, R15=0x00007fe8e880c800
RIP=0x00007fff20220d29, EFLAGS=0x0000000000010206, ERR=0x0000000000000004
  TRAPNO=0x000000000000000e

Top of Stack: (sp=0x00007ffeecf4d3e8)
0x00007ffeecf4d3e8:   000000014d11271b 00007fe8075355d0
0x00007ffeecf4d3f8:   00007fe830363360 00007ffeecf4d430
0x00007ffeecf4d408:   000000014d17971d 0000000000000000
0x00007ffeecf4d418:   00007fe830363360 00007ffeecf4d4a0
0x00007ffeecf4d428:   00007fe8e880c9f8 00007ffeecf4d490
0x00007ffeecf4d438:   000000010c820aa8 00007ffeecf4d4a8
0x00007ffeecf4d448:   000000010c82064a 00007ffeecf4d450
0x00007ffeecf4d458:   000000014cf833d8 00007ffeecf4d4b8
0x00007ffeecf4d468:   000000014cf84618 0000000000000000
0x00007ffeecf4d478:   000000014cf833d8 0000000000000000
0x00007ffeecf4d488:   00007ffeecf4d4b0 00007ffeecf4d500
0x00007ffeecf4d498:   000000010c807b30 000000071b1451d8
0x00007ffeecf4d4a8:   000000010c816d20 00007fe830363360
0x00007ffeecf4d4b8:   000000071bc03d28 00007ffeecf4d4c0
0x00007ffeecf4d4c8:   000000014cf75492 00007ffeecf4d548
0x00007ffeecf4d4d8:   000000014cf75ad8 0000000000000000
0x00007ffeecf4d4e8:   000000014cf754d0 00007ffeecf4d4b0
0x00007ffeecf4d4f8:   00007ffeecf4d548 00007ffeecf4d590
0x00007ffeecf4d508:   000000010c807b75 0000000000000000
0x00007ffeecf4d518:   0000000000000000 0000000000000000
0x00007ffeecf4d528:   0000000000000000 0000000000000000
0x00007ffeecf4d538:   0000000000000000 0000000000000000
0x00007ffeecf4d548:   000000071bc04388 00007ffeecf4d550
0x00007ffeecf4d558:   000000014cf1d944 00007ffeecf4d5a0
0x00007ffeecf4d568:   000000014cf5fff0 0000000000000000
0x00007ffeecf4d578:   000000014cf1d970 00007ffeecf4d548
0x00007ffeecf4d588:   00007ffeecf4d5a0 00007ffeecf4d5f8
0x00007ffeecf4d598:   000000010c80835d 000000071bc03d28
0x00007ffeecf4d5a8:   000000071bbdf2c8 000000071bbdf2c8
0x00007ffeecf4d5b8:   00007ffeecf4d5a8 000000014cf22636
0x00007ffeecf4d5c8:   00007ffeecf4d630 000000014cf5a7e0
0x00007ffeecf4d5d8:   0000000000000000 000000014cf22680 

Instructions: (pc=0x00007fff20220d29)
0x00007fff20220d09:   01 2e 75 76 49 ba f8 ff ff ff ff 7f 00 00 4c 23
0x00007fff20220d19:   17 49 89 f3 45 23 5a 18 49 c1 e3 04 4d 03 5a 10
0x00007fff20220d29:   49 3b 33 75 0a 4d 8b 5b 08 4d 31 d3 41 ff e3 49
0x00007fff20220d39:   83 3b 01 76 13 49 83 c3 10 49 3b 33 75 f1 4d 8b 

Register to memory mapping:

RAX=0x00007fe830363360 is an unknown value
RBX={method} {0x000000014cf833d8} 'flushBuffer' '(J)Z' in 'jogamp/opengl/macosx/cgl/CGL'
RCX=0x00007fe8e780c088 is an unknown value
RDX=0x0000000000000000 is an unknown value
RSP=0x00007ffeecf4d3e8 is pointing into the stack for thread: 0x00007fe8e880c800
RBP=0x00007ffeecf4d400 is pointing into the stack for thread: 0x00007fe8e880c800
RSI=0x00007fff7c3cf678: GCC_except_table772+0x5c17fdb4 in /usr/lib/libobjc.A.dylib at 0x00007fff2021b000
RDI=0x00007fe830363360 is an unknown value
R8 =0x0000000000000000 is an unknown value
R9 =0x00007fff88413e50: _NSAPCache+0 in /System/Library/Frameworks/Foundation.framework/Versions/C/Foundation at 0x00007fff211a8000
R10=0x000000014b22bdb0: cef_time_delta+0x8400f30 in /Users/teamumbrella/eclipse/java-2020-12/Eclipse.app/Contents/Eclipse/CHROME_1.0.0/Chromium Embedded Framework at 0x000000013e543000
R11=0x00000005432402a0 is an unknown value
R12=0x0000000000000000 is an unknown value
R13={method} {0x000000014cf833d8} 'flushBuffer' '(J)Z' in 'jogamp/opengl/macosx/cgl/CGL'
R14=0x00007ffeecf4d4b8 is pointing into the stack for thread: 0x00007fe8e880c800
R15=0x00007fe8e880c800 is a thread


Stack: [0x00007ffeec755000,0x00007ffeecf55000],  sp=0x00007ffeecf4d3e8,  free space=8160k
Native frames: (J=compiled Java code, j=interpreted, Vv=VM code, C=native code)
C  [libobjc.A.dylib+0x5d29]  objc_msgSend+0x29
C  [libjogl_desktop.dylib+0x7f71d]  Java_jogamp_opengl_macosx_cgl_CGL_flushBuffer__J+0x1d
j  jogamp.opengl.macosx.cgl.CGL.flushBuffer(J)Z+0
j  jogamp.opengl.macosx.cgl.MacOSXCGLContext$NSOpenGLImpl.swapBuffers()Z+258
j  jogamp.opengl.macosx.cgl.MacOSXCGLContext.swapBuffers()V+4
j  jogamp.opengl.macosx.cgl.MacOSXCGLDrawable.swapBuffersImpl(Z)V+54
j  jogamp.opengl.GLDrawableImpl.swapBuffers()V+67
j  jogamp.opengl.GLDrawableHelper.invokeGLImpl(Lcom/jogamp/opengl/GLDrawable;Lcom/jogamp/opengl/GLContext;Ljava/lang/Runnable;Ljava/lang/Runnable;)V+216
j  jogamp.opengl.GLDrawableHelper.invokeGL(Lcom/jogamp/opengl/GLDrawable;Lcom/jogamp/opengl/GLContext;Ljava/lang/Runnable;Ljava/lang/Runnable;)V+72
j  com.jogamp.opengl.swt.GLCanvas$3.run()V+59
j  com.jogamp.opengl.swt.GLCanvas.runInGLThread(Ljava/lang/Runnable;)V+1
j  com.jogamp.opengl.swt.GLCanvas.display()V+19
j  org.cef.browser.CefBrowserOsr_SWT.onPaint(Lorg/cef/browser/CefBrowser;Z[Ljava/awt/Rectangle;Ljava/nio/ByteBuffer;II)V+98
j  org.cef.CefClient.onPaint(Lorg/cef/browser/CefBrowser;Z[Ljava/awt/Rectangle;Ljava/nio/ByteBuffer;II)V+29
v  ~StubRoutines::call_stub
V  [libjvm.dylib+0x2d5599]  JavaCalls::call_helper(JavaValue*, methodHandle*, JavaCallArguments*, Thread*)+0x771
V  [libjvm.dylib+0x2fdd59]  jni_invoke_nonstatic(JNIEnv_*, JavaValue*, _jobject*, JNICallType, _jmethodID*, JNI_ArgumentPusher*, Thread*)+0x3fc
V  [libjvm.dylib+0x3023b5]  jni_CallVoidMethodV+0x179
C  [libjcef.dylib+0x5566]  JNIEnv_::CallVoidMethod(_jobject*, _jmethodID*, ...)+0x86
C  [libjcef.dylib+0x495e9]  RenderHandler::OnPaint(scoped_refptr<CefBrowser>, cef_paint_element_type_t, std::__1::vector<CefRect, std::__1::allocator<CefRect> > const&, void const*, int, int)+0x2e9
C  [libjcef.dylib+0x65453]  (anonymous namespace)::render_handler_on_paint(_cef_render_handler_t*, _cef_browser_t*, cef_paint_element_type_t, unsigned long, _cef_rect_t const*, void const*, int, int)+0x183
C  [Chromium Embedded Framework+0x6c791]  cef_process_message_create+0x2421
C  [Chromium Embedded Framework+0x4891049]  ChromeAppModeStart_v6+0x862ad9
C  [Chromium Embedded Framework+0x4892ac7]  ChromeAppModeStart_v6+0x864557
C  [Chromium Embedded Framework+0x7d8e7c9]  cef_time_delta+0x34a6949
C  [Chromium Embedded Framework+0x2cfd762]  cef_zip_reader_create+0x2c3ead2
C  [Chromium Embedded Framework+0x4e35509]  cef_time_delta+0x54d689
C  [Chromium Embedded Framework+0x4e38c1b]  cef_time_delta+0x550d9b
C  [Chromium Embedded Framework+0x4e369e1]  cef_time_delta+0x54eb61
C  [Chromium Embedded Framework+0x4e3de9a]  cef_time_delta+0x55601a
C  [Chromium Embedded Framework+0x4e3d3ef]  cef_time_delta+0x55556f
C  [Chromium Embedded Framework+0x4e38c1b]  cef_time_delta+0x550d9b
C  [Chromium Embedded Framework+0x4e2eff9]  cef_time_delta+0x547179
C  [Chromium Embedded Framework+0x4e2fb37]  cef_time_delta+0x547cb7
C  [Chromium Embedded Framework+0x4e2f903]  cef_time_delta+0x547a83
C  [Chromium Embedded Framework+0x2810420]  cef_zip_reader_create+0x2751790
C  [Chromium Embedded Framework+0x4e5bfe8]  cef_time_delta+0x574168
C  [Chromium Embedded Framework+0x4babcfb]  cef_time_delta+0x2c3e7b
C  [Chromium Embedded Framework+0x4bc9147]  cef_time_delta+0x2e12c7
C  [Chromium Embedded Framework+0x4bc8de0]  cef_time_delta+0x2e0f60
C  [Chromium Embedded Framework+0x47f3d6f]  ChromeAppModeStart_v6+0x7c57ff
C  [Chromium Embedded Framework+0x4bc9aee]  cef_time_delta+0x2e1c6e
C  [Chromium Embedded Framework+0x4b862d5]  cef_time_delta+0x29e455
C  [Chromium Embedded Framework+0x4b86a36]  cef_time_delta+0x29ebb6
C  [Chromium Embedded Framework+0x47fadb2]  ChromeAppModeStart_v6+0x7cc842
C  [Foundation+0x804d9]  __NSThreadPerformPerform+0xcc
C  [CoreFoundation+0x81a0c]  __CFRUNLOOP_IS_CALLING_OUT_TO_A_SOURCE0_PERFORM_FUNCTION__+0x11
C  [CoreFoundation+0x81974]  __CFRunLoopDoSource0+0xb4
C  [CoreFoundation+0x816ef]  __CFRunLoopDoSources0+0xf8
C  [CoreFoundation+0x80121]  __CFRunLoopRun+0x37a
C  [CoreFoundation+0x7f6ce]  CFRunLoopRunSpecific+0x233
C  [HIToolbox+0x31630]  RunCurrentEventLoopInMode+0x124
C  [HIToolbox+0x31282]  ReceiveNextEventCommon+0x11b
C  [HIToolbox+0x3114f]  _BlockUntilNextEventMatchingListInModeWithFilter+0x40
C  [AppKit+0x3e9b1]  _DPSNextEvent+0x373
C  [AppKit+0x3d177]  -[NSApplication(NSEvent) _nextEventMatchingEventMask:untilDate:inMode:dequeue:]+0x556
C  [libswt-pi-cocoa-4940r23.jnilib+0x11dde]  Java_org_eclipse_swt_internal_cocoa_OS_objc_1msgSendSuper__Lorg_eclipse_swt_internal_cocoa_objc_1super_2JJJJZ+0xae
j  org.eclipse.swt.internal.cocoa.OS.objc_msgSendSuper(Lorg/eclipse/swt/internal/cocoa/objc_super;JJJJZ)J+0
j  org.eclipse.swt.widgets.Display.applicationNextEventMatchingMask(JJJJJJ)J+81
j  org.eclipse.swt.widgets.Display.applicationProc(JJJJJJ)J+93
v  ~StubRoutines::call_stub
V  [libjvm.dylib+0x2d5599]  JavaCalls::call_helper(JavaValue*, methodHandle*, JavaCallArguments*, Thread*)+0x771
V  [libjvm.dylib+0x30662f]  jni_invoke_static(JNIEnv_*, JavaValue*, _jobject*, JNICallType, _jmethodID*, JNI_ArgumentPusher*, Thread*)+0x279
V  [libjvm.dylib+0x3087b5]  jni_CallStaticLongMethodV+0x1a6
C  [libswt-cocoa-4940r23.jnilib+0x2857]  callback+0x547
C  [libswt-cocoa-4940r23.jnilib+0x17ac2]  fn3_6+0x52
C  [libswt-pi-cocoa-4940r23.jnilib+0xd6f4]  Java_org_eclipse_swt_internal_cocoa_OS_objc_1msgSend__JJJJJZ+0x54
j  org.eclipse.swt.internal.cocoa.OS.objc_msgSend(JJJJJZ)J+0
j  org.eclipse.swt.internal.cocoa.NSApplication.nextEventMatchingMask(JLorg/eclipse/swt/internal/cocoa/NSDate;Lorg/eclipse/swt/internal/cocoa/NSString;Z)Lorg/eclipse/swt/internal/cocoa/NSEvent;+36
j  org.eclipse.swt.widgets.Display.readAndDispatch()Z+100
j  org.cef.chromeTest.SWT_Chrome_WR.main([Ljava/lang/String;)V+281
v  ~StubRoutines::call_stub
V  [libjvm.dylib+0x2d5599]  JavaCalls::call_helper(JavaValue*, methodHandle*, JavaCallArguments*, Thread*)+0x771
V  [libjvm.dylib+0x30662f]  jni_invoke_static(JNIEnv_*, JavaValue*, _jobject*, JNICallType, _jmethodID*, JNI_ArgumentPusher*, Thread*)+0x279
V  [libjvm.dylib+0x309cdf]  jni_CallStaticVoidMethod+0x1f6
C  [java+0x316c]  JavaMain+0x9dc
C  [java+0x5d34]  __JVMInit_block_invoke+0x4b
C  [Foundation+0x4201c]  __NSBLOCKOPERATION_IS_CALLING_OUT_TO_A_BLOCK__+0x7
C  [Foundation+0x41f14]  -[NSBlockOperation main]+0x62
C  [Foundation+0x41ea5]  __NSOPERATION_IS_INVOKING_MAIN__+0x11
C  [Foundation+0x41156]  -[NSOperation start]+0x311
C  [Foundation+0x804d9]  __NSThreadPerformPerform+0xcc
C  [CoreFoundation+0x81a0c]  __CFRUNLOOP_IS_CALLING_OUT_TO_A_SOURCE0_PERFORM_FUNCTION__+0x11
C  [CoreFoundation+0x81974]  __CFRunLoopDoSource0+0xb4
C  [CoreFoundation+0x816ef]  __CFRunLoopDoSources0+0xf8
C  [CoreFoundation+0x80121]  __CFRunLoopRun+0x37a
C  [CoreFoundation+0x7f6ce]  CFRunLoopRunSpecific+0x233
C  [java+0x5282]  CreateExecutionEnvironment+0x37e
C  [java+0x17ae]  JLI_Launch+0x75e
C  [java+0x7be9]  main+0x44
C  [libdyld.dylib+0x15621]  start+0x1
C  0x000000000000000b

Java frames: (J=compiled Java code, j=interpreted, Vv=VM code)
j  jogamp.opengl.macosx.cgl.CGL.flushBuffer(J)Z+0
j  jogamp.opengl.macosx.cgl.MacOSXCGLContext$NSOpenGLImpl.swapBuffers()Z+258
j  jogamp.opengl.macosx.cgl.MacOSXCGLContext.swapBuffers()V+4
j  jogamp.opengl.macosx.cgl.MacOSXCGLDrawable.swapBuffersImpl(Z)V+54
j  jogamp.opengl.GLDrawableImpl.swapBuffers()V+67
j  jogamp.opengl.GLDrawableHelper.invokeGLImpl(Lcom/jogamp/opengl/GLDrawable;Lcom/jogamp/opengl/GLContext;Ljava/lang/Runnable;Ljava/lang/Runnable;)V+216
j  jogamp.opengl.GLDrawableHelper.invokeGL(Lcom/jogamp/opengl/GLDrawable;Lcom/jogamp/opengl/GLContext;Ljava/lang/Runnable;Ljava/lang/Runnable;)V+72
j  com.jogamp.opengl.swt.GLCanvas$3.run()V+59
j  com.jogamp.opengl.swt.GLCanvas.runInGLThread(Ljava/lang/Runnable;)V+1
j  com.jogamp.opengl.swt.GLCanvas.display()V+19
j  org.cef.browser.CefBrowserOsr_SWT.onPaint(Lorg/cef/browser/CefBrowser;Z[Ljava/awt/Rectangle;Ljava/nio/ByteBuffer;II)V+98
j  org.cef.CefClient.onPaint(Lorg/cef/browser/CefBrowser;Z[Ljava/awt/Rectangle;Ljava/nio/ByteBuffer;II)V+29
v  ~StubRoutines::call_stub
j  org.eclipse.swt.internal.cocoa.OS.objc_msgSendSuper(Lorg/eclipse/swt/internal/cocoa/objc_super;JJJJZ)J+0
j  org.eclipse.swt.widgets.Display.applicationNextEventMatchingMask(JJJJJJ)J+81
j  org.eclipse.swt.widgets.Display.applicationProc(JJJJJJ)J+93
v  ~StubRoutines::call_stub
j  org.eclipse.swt.internal.cocoa.OS.objc_msgSend(JJJJJZ)J+0
j  org.eclipse.swt.internal.cocoa.NSApplication.nextEventMatchingMask(JLorg/eclipse/swt/internal/cocoa/NSDate;Lorg/eclipse/swt/internal/cocoa/NSString;Z)Lorg/eclipse/swt/internal/cocoa/NSEvent;+36
j  org.eclipse.swt.widgets.Display.readAndDispatch()Z+100
j  org.cef.chromeTest.SWT_Chrome_WR.main([Ljava/lang/String;)V+281
v  ~StubRoutines::call_stub

---------------  P R O C E S S  ---------------

Java Threads: ( => current thread )
  0x00007fe8e8a58000 JavaThread "Java2D Disposer" daemon [_thread_blocked, id=64519, stack(0x0000700011107000,0x0000700011207000)]
  0x00007fe8a7918800 JavaThread "Java2D Queue Flusher" daemon [_thread_blocked, id=62215, stack(0x0000700011004000,0x0000700011104000)]
  0x00007fe8e888b800 JavaThread "Service Thread" daemon [_thread_blocked, id=38915, stack(0x0000700010cf8000,0x0000700010df8000)]
  0x00007fe8b0097800 JavaThread "C1 CompilerThread11" daemon [_thread_blocked, id=24579, stack(0x0000700010bf5000,0x0000700010cf5000)]
  0x00007fe8e8881000 JavaThread "C1 CompilerThread10" daemon [_thread_blocked, id=39427, stack(0x0000700010af2000,0x0000700010bf2000)]
  0x00007fe8e8878000 JavaThread "C1 CompilerThread9" daemon [_thread_blocked, id=24067, stack(0x00007000109ef000,0x0000700010aef000)]
  0x00007fe8b0096800 JavaThread "C1 CompilerThread8" daemon [_thread_blocked, id=23811, stack(0x00007000108ec000,0x00007000109ec000)]
  0x00007fe8e8877800 JavaThread "C2 CompilerThread7" daemon [_thread_blocked, id=23555, stack(0x00007000107e9000,0x00007000108e9000)]
  0x00007fe897809000 JavaThread "C2 CompilerThread6" daemon [_thread_blocked, id=23043, stack(0x00007000106e6000,0x00007000107e6000)]
  0x00007fe8e8876800 JavaThread "C2 CompilerThread5" daemon [_thread_blocked, id=40451, stack(0x00007000105e3000,0x00007000106e3000)]
  0x00007fe8b0086000 JavaThread "C2 CompilerThread4" daemon [_thread_blocked, id=40963, stack(0x00007000104e0000,0x00007000105e0000)]
  0x00007fe8e880d800 JavaThread "C2 CompilerThread3" daemon [_thread_blocked, id=22275, stack(0x00007000103dd000,0x00007000104dd000)]
  0x00007fe8b0009800 JavaThread "C2 CompilerThread2" daemon [_thread_blocked, id=41475, stack(0x00007000102da000,0x00007000103da000)]
  0x00007fe8e8865800 JavaThread "C2 CompilerThread1" daemon [_thread_blocked, id=41987, stack(0x00007000101d7000,0x00007000102d7000)]
  0x00007fe8e9015000 JavaThread "C2 CompilerThread0" daemon [_thread_blocked, id=42499, stack(0x00007000100d4000,0x00007000101d4000)]
  0x00007fe8e9014800 JavaThread "JDWP Command Reader" daemon [_thread_in_native, id=43011, stack(0x000070000ffd1000,0x00007000100d1000)]
  0x00007fe8b0008800 JavaThread "JDWP Event Helper Thread" daemon [_thread_blocked, id=22019, stack(0x000070000fece000,0x000070000ffce000)]
  0x00007fe8e9013800 JavaThread "JDWP Transport Listener: dt_socket" daemon [_thread_blocked, id=17415, stack(0x000070000fdcb000,0x000070000fecb000)]
  0x00007fe8b7819800 JavaThread "Signal Dispatcher" daemon [_thread_blocked, id=17667, stack(0x000070000fcc8000,0x000070000fdc8000)]
  0x00007fe8d781c800 JavaThread "Finalizer" daemon [_thread_blocked, id=19459, stack(0x000070000fabf000,0x000070000fbbf000)]
  0x00007fe8d781a000 JavaThread "Reference Handler" daemon [_thread_blocked, id=14083, stack(0x000070000f9bc000,0x000070000fabc000)]
=>0x00007fe8e880c800 JavaThread "main" [_thread_in_native, id=775, stack(0x00007ffeec755000,0x00007ffeecf55000)]

Other Threads:
  0x00007fe8d7813000 VMThread [stack: 0x000070000f8b9000,0x000070000f9b9000] [id=19971]
  0x00007fe8e888c800 WatcherThread [stack: 0x0000700010dfb000,0x0000700010efb000] [id=38659]

VM state:not at safepoint (normal execution)

VM Mutex/Monitor currently owned by a thread: None

heap address: 0x00000005c0000000, size: 8192 MB, Compressed Oops mode: Zero based, Oop shift amount: 3
Narrow klass base: 0x0000000000000000, Narrow klass shift: 3
Compressed class space size: 1073741824 Address: 0x00000007c0000000

Heap:
 PSYoungGen      total 153088K, used 110450K [0x0000000715580000, 0x0000000720000000, 0x00000007c0000000)
  eden space 131584K, 83% used [0x0000000715580000,0x000000071c15c9f8,0x000000071d600000)
  from space 21504K, 0% used [0x000000071eb00000,0x000000071eb00000,0x0000000720000000)
  to   space 21504K, 0% used [0x000000071d600000,0x000000071d600000,0x000000071eb00000)
 ParOldGen       total 349696K, used 0K [0x00000005c0000000, 0x00000005d5580000, 0x0000000715580000)
  object space 349696K, 0% used [0x00000005c0000000,0x00000005c0000000,0x00000005d5580000)
 Metaspace       used 16991K, capacity 17190K, committed 17536K, reserved 1064960K
  class space    used 1590K, capacity 1651K, committed 1664K, reserved 1048576K

Card table byte_map: [0x000000011b800000,0x000000011c801000] byte_map_base: 0x0000000118a00000

Marking Bits: (ParMarkBitMap*) 0x000000010341e488
 Begin Bits: [0x000000011d2ac000, 0x00000001252ac000)
 End Bits:   [0x00000001252ac000, 0x000000012d2ac000)

Polling page: 0x0000000103b3d000

CodeCache: size=245760Kb used=6421Kb max_used=6511Kb free=239338Kb
 bounds [0x000000010c800000, 0x000000010ce60000, 0x000000011b800000]
 total_blobs=1924 nmethods=1089 adapters=754
 compilation: enabled

Compilation events (10 events):
Event: 31.503 Thread 0x00007fe8b0097800 1105       3       java.util.concurrent.locks.ReentrantLock::tryLock (9 bytes)
Event: 31.503 Thread 0x00007fe8b0097800 nmethod 1105 0x000000010ce5d750 code [0x000000010ce5d8c0, 0x000000010ce5dae8]
Event: 31.503 Thread 0x00007fe8e8881000 nmethod 1103 0x000000010cab0f90 code [0x000000010cab1120, 0x000000010cab1488]
Event: 31.503 Thread 0x00007fe8b0096800 nmethod 1104 0x000000010cabdd10 code [0x000000010cabde80, 0x000000010cabe168]
Event: 31.809 Thread 0x00007fe8e8878000 1106       3       sun.java2d.pipe.RenderBuffer::position (11 bytes)
Event: 31.810 Thread 0x00007fe8e8878000 nmethod 1106 0x000000010cabd990 code [0x000000010cabdae0, 0x000000010cabdc30]
Event: 32.116 Thread 0x00007fe8e8881000 1107       3       sun.awt.SunToolkit::awtUnlock (7 bytes)
Event: 32.117 Thread 0x00007fe8e8881000 nmethod 1107 0x000000010cad6b10 code [0x000000010cad6c80, 0x000000010cad6f68]
Event: 32.219 Thread 0x00007fe8b0096800 1108       3       sun.java2d.pipe.RenderQueue::unlock (4 bytes)
Event: 32.219 Thread 0x00007fe8b0096800 nmethod 1108 0x000000010cb14b10 code [0x000000010cb14ca0, 0x000000010cb15008]

GC Heap History (0 events):
No events

Deoptimization events (10 events):
Event: 1.444 Thread 0x00007fe8e880c800 Uncommon trap: reason=unstable_if action=reinterpret pc=0x000000010cb95750 method=org.eclipse.jdt.launching.internal.org.objectweb.asm.ByteVector.putShort(I)Lorg/eclipse/jdt/launching/internal/org/objectweb/asm/ByteVector; @ 13
Event: 1.807 Thread 0x00007fe8e880c800 Uncommon trap: reason=unstable_if action=reinterpret pc=0x000000010cc6ad20 method=java.util.HashMap.hash(Ljava/lang/Object;)I @ 1
Event: 1.807 Thread 0x00007fe8e880c800 Uncommon trap: reason=unstable_if action=reinterpret pc=0x000000010cc39bdc method=java.util.HashMap.hash(Ljava/lang/Object;)I @ 1
Event: 5.040 Thread 0x00007fe8e880c800 Uncommon trap: reason=unstable_if action=reinterpret pc=0x000000010cc44da4 method=java.lang.AbstractStringBuilder.append(Ljava/lang/String;)Ljava/lang/AbstractStringBuilder; @ 1
Event: 5.093 Thread 0x00007fe8e8a18000 Uncommon trap: reason=unstable_if action=reinterpret pc=0x000000010cc657ac method=java.lang.ThreadLocal.get()Ljava/lang/Object; @ 11
Event: 5.204 Thread 0x00007fe8e880c800 Uncommon trap: reason=unstable_if action=reinterpret pc=0x000000010cc62ba4 method=java.util.HashMap.getNode(ILjava/lang/Object;)Ljava/util/HashMap$Node; @ 62
Event: 5.204 Thread 0x00007fe8e880c800 Uncommon trap: reason=bimorphic action=maybe_recompile pc=0x000000010cc37a50 method=java.util.HashMap.putVal(ILjava/lang/Object;Ljava/lang/Object;ZZ)Ljava/lang/Object; @ 91
Event: 5.222 Thread 0x00007fe8e880c800 Uncommon trap: reason=bimorphic action=maybe_recompile pc=0x000000010cc37a50 method=java.util.HashMap.putVal(ILjava/lang/Object;Ljava/lang/Object;ZZ)Ljava/lang/Object; @ 91
Event: 6.253 Thread 0x00007fe8a7918800 Uncommon trap: reason=unstable_if action=reinterpret pc=0x000000010cc76f90 method=java.lang.ThreadLocal.get()Ljava/lang/Object; @ 11
Event: 6.590 Thread 0x00007fe8e880c800 Uncommon trap: reason=unstable_if action=reinterpret pc=0x000000010cb7fbac method=org.eclipse.jdt.launching.internal.org.objectweb.asm.ClassReader.readUtf(II[C)Ljava/lang/String; @ 41

Classes redefined (0 events):
No events

Internal exceptions (10 events):
Event: 1.290 Thread 0x00007fe8e880c800 Exception <a 'java/security/PrivilegedActionException'> (0x0000000717a08ec0) thrown at [/jenkins/workspace/8-2-build-macosx-x86_64/jdk8u281/880/hotspot/src/share/vm/prims/jvm.cpp, line 1512]
Event: 1.468 Thread 0x00007fe8e880c800 Exception <a 'java/io/FileNotFoundException'> (0x0000000717f1a4b0) thrown at [/jenkins/workspace/8-2-build-macosx-x86_64/jdk8u281/880/hotspot/src/share/vm/prims/jni.cpp, line 710]
Event: 1.468 Thread 0x00007fe8e880c800 Exception <a 'java/io/FileNotFoundException'> (0x0000000717f1b050) thrown at [/jenkins/workspace/8-2-build-macosx-x86_64/jdk8u281/880/hotspot/src/share/vm/prims/jni.cpp, line 710]
Event: 1.807 Thread 0x00007fe8e880c800 Implicit null exception at 0x000000010cc6a8b4 to 0x000000010cc6ad09
Event: 1.807 Thread 0x00007fe8e880c800 Implicit null exception at 0x000000010cc38efe to 0x000000010cc39bc1
Event: 5.040 Thread 0x00007fe8e880c800 Implicit null exception at 0x000000010cc44876 to 0x000000010cc44d89
Event: 5.093 Thread 0x00007fe8e8a18000 Implicit null exception at 0x000000010cc6560d to 0x000000010cc65791
Event: 5.110 Thread 0x00007fe8e880c800 Exception <a 'java/lang/UnsatisfiedLinkError': com.jogamp.common.util.JarUtil.fixNativeLibAttribs(Ljava/lang/String;)Z> (0x0000000718bd0170) thrown at [/jenkins/workspace/8-2-build-macosx-x86_64/jdk8u281/880/hotspot/src/share/vm/prims/nativeLookup.cpp, li
Event: 5.294 Thread 0x00007fe8e880c800 Exception <a 'java/io/FileNotFoundException'> (0x0000000719280b48) thrown at [/jenkins/workspace/8-2-build-macosx-x86_64/jdk8u281/880/hotspot/src/share/vm/prims/jni.cpp, line 710]
Event: 6.253 Thread 0x00007fe8a7918800 Implicit null exception at 0x000000010cc763c8 to 0x000000010cc76f51

Events (10 events):
Event: 49.433 Executing VM operation: ChangeSingleStep
Event: 49.433 Executing VM operation: ChangeSingleStep done
Event: 49.434 Executing VM operation: EnterInterpOnlyMode
Event: 49.434 Executing VM operation: EnterInterpOnlyMode done
Event: 49.434 Executing VM operation: GetOrSetLocal
Event: 49.434 Executing VM operation: GetOrSetLocal done
Event: 49.437 Executing VM operation: GetOrSetLocal
Event: 49.437 Executing VM operation: GetOrSetLocal done
Event: 49.437 loading class java/nio/HeapFloatBuffer
Event: 49.437 loading class java/nio/HeapFloatBuffer done


Dynamic libraries:
0x00007fff35010000 	/System/Library/Frameworks/Cocoa.framework/Versions/A/Cocoa
0x00007fff22235000 	/System/Library/Frameworks/Security.framework/Versions/A/Security
0x00007fff3320d000 	/System/Library/Frameworks/ApplicationServices.framework/Versions/A/ApplicationServices
0x00007fff2a4be000 	/usr/lib/libz.1.dylib
0x00007fff2a586000 	/usr/lib/libSystem.B.dylib
0x00007fff203fb000 	/System/Library/Frameworks/CoreFoundation.framework/Versions/A/CoreFoundation
0x00007fff211a8000 	/System/Library/Frameworks/Foundation.framework/Versions/C/Foundation
0x00007fff2021b000 	/usr/lib/libobjc.A.dylib
0x00007fff22c5c000 	/System/Library/Frameworks/AppKit.framework/Versions/C/AppKit
0x00007fff25af4000 	/System/Library/Frameworks/CoreData.framework/Versions/A/CoreData
0x00007fff239bf000 	/System/Library/PrivateFrameworks/UIFoundation.framework/Versions/A/UIFoundation
0x00007fff2fbec000 	/System/Library/PrivateFrameworks/RemoteViewServices.framework/Versions/A/RemoteViewServices
0x00007fff289e5000 	/System/Library/PrivateFrameworks/XCTTargetBootstrap.framework/Versions/A/XCTTargetBootstrap
0x00007fff2b6c6000 	/usr/lib/libspindump.dylib
0x00007fff23c14000 	/System/Library/Frameworks/UniformTypeIdentifiers.framework/Versions/A/UniformTypeIdentifiers
0x00007fff271bb000 	/usr/lib/libapp_launch_measurement.dylib
0x00007fff271be000 	/System/Library/PrivateFrameworks/CoreAutoLayout.framework/Versions/A/CoreAutoLayout
0x00007fff28347000 	/System/Library/Frameworks/Metal.framework/Versions/A/Metal
0x00007fff29037000 	/usr/lib/liblangid.dylib
0x00007fff289e9000 	/System/Library/PrivateFrameworks/CoreSVG.framework/Versions/A/CoreSVG
0x00007fff24bfb000 	/System/Library/PrivateFrameworks/SkyLight.framework/Versions/A/SkyLight
0x00007fff24f62000 	/System/Library/Frameworks/CoreGraphics.framework/Versions/A/CoreGraphics
0x00007fff30243000 	/System/Library/Frameworks/Accelerate.framework/Versions/A/Accelerate
0x00007fff2b101000 	/System/Library/PrivateFrameworks/IconServices.framework/Versions/A/IconServices
0x00007fff2832c000 	/System/Library/Frameworks/IOSurface.framework/Versions/A/IOSurface
0x00007fff2647d000 	/usr/lib/libDiagnosticMessagesClient.dylib
0x00007fff289d1000 	/System/Library/PrivateFrameworks/DFRFoundation.framework/Versions/A/DFRFoundation
0x00007fff22587000 	/usr/lib/libicucore.A.dylib
0x00007fff2cc0d000 	/System/Library/Frameworks/AudioToolbox.framework/Versions/A/AudioToolbox
0x00007fff2beb2000 	/System/Library/PrivateFrameworks/DataDetectorsCore.framework/Versions/A/DataDetectorsCore
0x00007fff286d1000 	/System/Library/Frameworks/Carbon.framework/Versions/A/Frameworks/HIToolbox.framework/Versions/A/HIToolbox
0x00007fff26c16000 	/System/Library/Frameworks/QuartzCore.framework/Versions/A/QuartzCore
0x00007fff2fc28000 	/System/Library/Frameworks/Carbon.framework/Versions/A/Frameworks/SpeechRecognition.framework/Versions/A/SpeechRecognition
0x00007fff26f23000 	/System/Library/PrivateFrameworks/CoreUI.framework/Versions/A/CoreUI
0x00007fff21b90000 	/System/Library/Frameworks/CoreAudio.framework/Versions/A/CoreAudio
0x00007fff26568000 	/System/Library/Frameworks/DiskArbitration.framework/Versions/A/DiskArbitration
0x00007fff2bac1000 	/System/Library/PrivateFrameworks/MultitouchSupport.framework/Versions/A/MultitouchSupport
0x00007fff2bea9000 	/System/Library/PrivateFrameworks/InternationalSupport.framework/Versions/A/InternationalSupport
0x00007fff24b6f000 	/usr/lib/libenergytrace.dylib
0x00007fff22b55000 	/System/Library/Frameworks/IOKit.framework/Versions/A/IOKit
0x00007fff2ff75000 	/System/Library/Frameworks/CoreServices.framework/Versions/A/CoreServices
0x00007fff27151000 	/System/Library/PrivateFrameworks/PerformanceAnalysis.framework/Versions/A/PerformanceAnalysis
0x00007fff6c8de000 	/System/Library/Frameworks/OpenGL.framework/Versions/A/OpenGL
0x00007fff2bf2e000 	/System/Library/PrivateFrameworks/UserActivity.framework/Versions/A/UserActivity
0x00007fff255f6000 	/System/Library/Frameworks/ColorSync.framework/Versions/A/ColorSync
0x00007fff28c4e000 	/System/Library/Frameworks/CoreImage.framework/Versions/A/CoreImage
0x00007fff219a7000 	/System/Library/Frameworks/CoreText.framework/Versions/A/CoreText
0x00007fff28a13000 	/System/Library/Frameworks/ImageIO.framework/Versions/A/ImageIO
0x00007fff2a58c000 	/System/Library/PrivateFrameworks/SoftLinking.framework/Versions/A/SoftLinking
0x00007fff27207000 	/usr/lib/libxml2.2.dylib
0x00007fff202e0000 	/usr/lib/libc++.1.dylib
0x00007fff2a7fe000 	/usr/lib/libcompression.dylib
0x00007fff24b70000 	/usr/lib/libMobileGestalt.dylib
0x00007fff2bddc000 	/System/Library/PrivateFrameworks/TextureIO.framework/Versions/A/TextureIO
0x00007fff2ae24000 	/usr/lib/libate.dylib
0x00007fff2a580000 	/usr/lib/system/libcache.dylib
0x00007fff2a53c000 	/usr/lib/system/libcommonCrypto.dylib
0x00007fff2a566000 	/usr/lib/system/libcompiler_rt.dylib
0x00007fff2a55b000 	/usr/lib/system/libcopyfile.dylib
0x00007fff20109000 	/usr/lib/system/libcorecrypto.dylib
0x00007fff201d6000 	/usr/lib/system/libdispatch.dylib
0x00007fff2038a000 	/usr/lib/system/libdyld.dylib
0x00007fff2a577000 	/usr/lib/system/libkeymgr.dylib
0x00007fff2d9bf000 	/usr/lib/system/liblaunch.dylib
0x00007fff2a51a000 	/usr/lib/system/libmacho.dylib
0x00007fff29d34000 	/usr/lib/system/libquarantine.dylib
0x00007fff2a574000 	/usr/lib/system/libremovefile.dylib
0x00007fff24bcc000 	/usr/lib/system/libsystem_asl.dylib
0x00007fff200b9000 	/usr/lib/system/libsystem_blocks.dylib
0x00007fff20257000 	/usr/lib/system/libsystem_c.dylib
0x00007fff2a56e000 	/usr/lib/system/libsystem_collections.dylib
0x00007fff29028000 	/usr/lib/system/libsystem_configuration.dylib
0x00007fff2831b000 	/usr/lib/system/libsystem_containermanager.dylib
0x00007fff2a2b6000 	/usr/lib/system/libsystem_coreservices.dylib
0x00007fff227e9000 	/usr/lib/system/libsystem_darwin.dylib
0x00007fff2a578000 	/usr/lib/system/libsystem_dnssd.dylib
0x00007fff20254000 	/usr/lib/system/libsystem_featureflags.dylib
0x00007fff203cf000 	/usr/lib/system/libsystem_info.dylib
0x00007fff2a4d1000 	/usr/lib/system/libsystem_m.dylib
0x00007fff201a9000 	/usr/lib/system/libsystem_malloc.dylib
0x00007fff24b60000 	/usr/lib/system/libsystem_networkextension.dylib
0x00007fff22c04000 	/usr/lib/system/libsystem_notify.dylib
0x00007fff2fe73000 	/usr/lib/system/libsystem_product_info_filter.dylib
0x00007fff2902c000 	/usr/lib/system/libsystem_sandbox.dylib
0x00007fff2a571000 	/usr/lib/system/libsystem_secinit.dylib
0x00007fff2034f000 	/usr/lib/system/libsystem_kernel.dylib
0x00007fff203c5000 	/usr/lib/system/libsystem_platform.dylib
0x00007fff2037e000 	/usr/lib/system/libsystem_pthread.dylib
0x00007fff262cb000 	/usr/lib/system/libsystem_symptoms.dylib
0x00007fff200f1000 	/usr/lib/system/libsystem_trace.dylib
0x00007fff2a548000 	/usr/lib/system/libunwind.dylib
0x00007fff200bb000 	/usr/lib/system/libxpc.dylib
0x00007fff20336000 	/usr/lib/libc++abi.dylib
0x00007fff2a553000 	/usr/lib/liboah.dylib
0x00007fff2ac09000 	/usr/lib/liblzma.5.dylib
0x00007fff20ebc000 	/System/Library/Frameworks/SystemConfiguration.framework/Versions/A/SystemConfiguration
0x00007fff2a588000 	/usr/lib/libfakelink.dylib
0x00007fff246c2000 	/System/Library/Frameworks/CFNetwork.framework/Versions/A/CFNetwork
0x00007fff2a6c8000 	/usr/lib/libarchive.2.dylib
0x00007fff20f3a000 	/usr/lib/libCRFSuite.dylib
0x00007fff29d5b000 	/usr/lib/libbsm.0.dylib
0x00007fff2407e000 	/usr/lib/libnetwork.dylib
0x00007fff2a58d000 	/usr/lib/libpcap.A.dylib
0x00007fff262c4000 	/usr/lib/libdns_services.dylib
0x00007fff2ac22000 	/usr/lib/libcoretls_cfhelpers.dylib
0x00007fff2a7cc000 	/usr/lib/libapple_nghttp2.dylib
0x00007fff2a520000 	/usr/lib/system/libkxld.dylib
0x00007fff25f2a000 	/usr/lib/libsqlite3.dylib
0x00007fff2a298000 	/System/Library/PrivateFrameworks/AppleFSCompression.framework/Versions/A/AppleFSCompression
0x00007fff29d43000 	/usr/lib/libcoretls.dylib
0x00007fff2a7f9000 	/usr/lib/libpam.2.dylib
0x00007fff2ad1f000 	/usr/lib/libxar.1.dylib
0x00007fff29033000 	/System/Library/PrivateFrameworks/AppleSystemInfo.framework/Versions/A/AppleSystemInfo
0x00007fff29986000 	/System/Library/PrivateFrameworks/IOMobileFramebuffer.framework/Versions/A/IOMobileFramebuffer
0x00007fff2a2a8000 	/usr/lib/libbz2.1.0.dylib
0x00007fff2a5c5000 	/usr/lib/libiconv.2.dylib
0x00007fff2a519000 	/usr/lib/libcharset.1.dylib
0x00007fff2718d000 	/System/Library/Frameworks/CoreServices.framework/Versions/A/Frameworks/FSEvents.framework/Versions/A/FSEvents
0x00007fff227f3000 	/System/Library/Frameworks/CoreServices.framework/Versions/A/Frameworks/CarbonCore.framework/Versions/A/CarbonCore
0x00007fff264cd000 	/System/Library/Frameworks/CoreServices.framework/Versions/A/Frameworks/Metadata.framework/Versions/A/Metadata
0x00007fff2a2bb000 	/System/Library/Frameworks/CoreServices.framework/Versions/A/Frameworks/OSServices.framework/Versions/A/OSServices
0x00007fff2a73a000 	/System/Library/Frameworks/CoreServices.framework/Versions/A/Frameworks/SearchKit.framework/Versions/A/SearchKit
0x00007fff2624e000 	/System/Library/Frameworks/CoreServices.framework/Versions/A/Frameworks/AE.framework/Versions/A/AE
0x00007fff20897000 	/System/Library/Frameworks/CoreServices.framework/Versions/A/Frameworks/LaunchServices.framework/Versions/A/LaunchServices
0x00007fff2abba000 	/System/Library/Frameworks/CoreServices.framework/Versions/A/Frameworks/DictionaryServices.framework/Versions/A/DictionaryServices
0x00007fff27196000 	/System/Library/Frameworks/CoreServices.framework/Versions/A/Frameworks/SharedFileList.framework/Versions/A/SharedFileList
0x00007fff29d37000 	/usr/lib/libCheckFix.dylib
0x00007fff24be3000 	/System/Library/PrivateFrameworks/TCC.framework/Versions/A/TCC
0x00007fff29039000 	/System/Library/PrivateFrameworks/CoreNLP.framework/Versions/A/CoreNLP
0x00007fff26480000 	/System/Library/PrivateFrameworks/MetadataUtilities.framework/Versions/A/MetadataUtilities
0x00007fff20f70000 	/usr/lib/libmecabra.dylib
0x00007fff2a04a000 	/System/Library/Frameworks/MLCompute.framework/Versions/A/MLCompute
0x00007fff29d6c000 	/usr/lib/libmecab.dylib
0x00007fff29db6000 	/usr/lib/libgermantok.dylib
0x00007fff2a7a2000 	/usr/lib/libThaiTokenizer.dylib
0x00007fff2ad5a000 	/usr/lib/libChineseTokenizer.dylib
0x00007fff2a7f7000 	/System/Library/Frameworks/MetalPerformanceShaders.framework/Versions/A/MetalPerformanceShaders
0x00007fff2656f000 	/System/Library/Frameworks/Accelerate.framework/Versions/A/Frameworks/vImage.framework/Versions/A/vImage
0x00007fff2ff4e000 	/System/Library/Frameworks/Accelerate.framework/Versions/A/Frameworks/vecLib.framework/Versions/A/vecLib
0x00007fff2ad65000 	/System/Library/Frameworks/Accelerate.framework/Versions/A/Frameworks/vecLib.framework/Versions/A/libvMisc.dylib
0x00007fff2979f000 	/System/Library/Frameworks/Accelerate.framework/Versions/A/Frameworks/vecLib.framework/Versions/A/libvDSP.dylib
0x00007fff20b9b000 	/System/Library/Frameworks/Accelerate.framework/Versions/A/Frameworks/vecLib.framework/Versions/A/libBLAS.dylib
0x00007fff2a81d000 	/System/Library/Frameworks/Accelerate.framework/Versions/A/Frameworks/vecLib.framework/Versions/A/libLAPACK.dylib
0x00007fff29dbc000 	/System/Library/Frameworks/Accelerate.framework/Versions/A/Frameworks/vecLib.framework/Versions/A/libLinearAlgebra.dylib
0x00007fff2a7e4000 	/System/Library/Frameworks/Accelerate.framework/Versions/A/Frameworks/vecLib.framework/Versions/A/libSparseBLAS.dylib
0x00007fff2a817000 	/System/Library/Frameworks/Accelerate.framework/Versions/A/Frameworks/vecLib.framework/Versions/A/libQuadrature.dylib
0x00007fff290e1000 	/System/Library/Frameworks/Accelerate.framework/Versions/A/Frameworks/vecLib.framework/Versions/A/libBNNS.dylib
0x00007fff20e4d000 	/System/Library/Frameworks/Accelerate.framework/Versions/A/Frameworks/vecLib.framework/Versions/A/libSparse.dylib
0x00007fff28fcc000 	/System/Library/Frameworks/MetalPerformanceShaders.framework/Versions/A/Frameworks/MPSCore.framework/Versions/A/MPSCore
0x00007fff2a207000 	/System/Library/Frameworks/MetalPerformanceShaders.framework/Versions/A/Frameworks/MPSImage.framework/Versions/A/MPSImage
0x00007fff29dd2000 	/System/Library/Frameworks/MetalPerformanceShaders.framework/Versions/A/Frameworks/MPSNeuralNetwork.framework/Versions/A/MPSNeuralNetwork
0x00007fff2a192000 	/System/Library/Frameworks/MetalPerformanceShaders.framework/Versions/A/Frameworks/MPSMatrix.framework/Versions/A/MPSMatrix
0x00007fff29ffa000 	/System/Library/Frameworks/MetalPerformanceShaders.framework/Versions/A/Frameworks/MPSRayIntersector.framework/Versions/A/MPSRayIntersector
0x00007fff2a1c9000 	/System/Library/Frameworks/MetalPerformanceShaders.framework/Versions/A/Frameworks/MPSNDArray.framework/Versions/A/MPSNDArray
0x00007fff20ac7000 	/System/Library/PrivateFrameworks/MetalTools.framework/Versions/A/MetalTools
0x00007fff29031000 	/System/Library/PrivateFrameworks/AggregateDictionary.framework/Versions/A/AggregateDictionary
0x00007fff26458000 	/System/Library/PrivateFrameworks/CoreAnalytics.framework/Versions/A/CoreAnalytics
0x00007fff2a7a4000 	/System/Library/PrivateFrameworks/AppleSauce.framework/Versions/A/AppleSauce
0x00007fff2833e000 	/System/Library/PrivateFrameworks/IOAccelerator.framework/Versions/A/IOAccelerator
0x00007fff6c8d2000 	/System/Library/Frameworks/OpenGL.framework/Versions/A/Libraries/libCoreFSCache.dylib
0x00007fff2150c000 	/System/Library/PrivateFrameworks/LanguageModeling.framework/Versions/A/LanguageModeling
0x00007fff29973000 	/System/Library/PrivateFrameworks/CoreEmoji.framework/Versions/A/CoreEmoji
0x00007fff290da000 	/System/Library/PrivateFrameworks/LinguisticData.framework/Versions/A/LinguisticData
0x00007fff20dff000 	/System/Library/PrivateFrameworks/Lexicon.framework/Versions/A/Lexicon
0x00007fff2a6b6000 	/usr/lib/libcmph.dylib
0x00007fff2716d000 	/System/Library/Frameworks/OpenDirectory.framework/Versions/A/Frameworks/CFOpenDirectory.framework/Versions/A/CFOpenDirectory
0x00007fff2715d000 	/System/Library/Frameworks/OpenDirectory.framework/Versions/A/OpenDirectory
0x00007fff2ac24000 	/System/Library/PrivateFrameworks/APFS.framework/Versions/A/APFS
0x00007fff29c98000 	/System/Library/Frameworks/SecurityFoundation.framework/Versions/A/SecurityFoundation
0x00007fff2ad2d000 	/usr/lib/libutil.dylib
0x00007fff22b1a000 	/System/Library/PrivateFrameworks/CoreServicesStore.framework/Versions/A/CoreServicesStore
0x00007fff29d2f000 	/System/Library/Frameworks/ServiceManagement.framework/Versions/A/ServiceManagement
0x00007fff2ad31000 	/usr/lib/libxslt.1.dylib
0x00007fff29d25000 	/System/Library/PrivateFrameworks/BackgroundTaskManagement.framework/Versions/A/BackgroundTaskManagement
0x00007fff2bd26000 	/System/Library/Frameworks/ImageIO.framework/Versions/A/Resources/libRadiance.dylib
0x00007fff2bd30000 	/System/Library/Frameworks/ImageIO.framework/Versions/A/Resources/libJPEG.dylib
0x00007fff2bc7b000 	/System/Library/Frameworks/ImageIO.framework/Versions/A/Resources/libPng.dylib
0x00007fff2bca2000 	/System/Library/Frameworks/ImageIO.framework/Versions/A/Resources/libTIFF.dylib
0x00007fff2bd85000 	/System/Library/Frameworks/ImageIO.framework/Versions/A/Resources/libGIF.dylib
0x00007fff2b9de000 	/System/Library/Frameworks/ImageIO.framework/Versions/A/Resources/libJP2.dylib
0x00007fff2b0c8000 	/usr/lib/libexpat.1.dylib
0x00007fff2b993000 	/System/Library/PrivateFrameworks/AppleJPEG.framework/Versions/A/AppleJPEG
0x00007fff28574000 	/System/Library/PrivateFrameworks/FontServices.framework/libFontParser.dylib
0x00007fff26202000 	/System/Library/PrivateFrameworks/RunningBoardServices.framework/Versions/A/RunningBoardServices
0x00007fff2babd000 	/System/Library/PrivateFrameworks/WatchdogClient.framework/Versions/A/WatchdogClient
0x00007fff215f9000 	/System/Library/Frameworks/CoreDisplay.framework/Versions/A/CoreDisplay
0x00007fff2848a000 	/System/Library/Frameworks/CoreMedia.framework/Versions/A/CoreMedia
0x00007fff272ea000 	/System/Library/Frameworks/CoreVideo.framework/Versions/A/CoreVideo
0x00007fff2baf5000 	/System/Library/Frameworks/VideoToolbox.framework/Versions/A/VideoToolbox
0x00007fff26180000 	/System/Library/PrivateFrameworks/BaseBoard.framework/Versions/A/BaseBoard
0x00007fff2b20d000 	/System/Library/PrivateFrameworks/PersistentConnection.framework/Versions/A/PersistentConnection
0x00007fff25f13000 	/System/Library/PrivateFrameworks/ProtocolBuffer.framework/Versions/A/ProtocolBuffer
0x00007fff26167000 	/System/Library/PrivateFrameworks/CommonUtilities.framework/Versions/A/CommonUtilities
0x00007fff2b928000 	/System/Library/PrivateFrameworks/Bom.framework/Versions/A/Bom
0x00007fff2bd1f000 	/System/Library/PrivateFrameworks/GPUWrangler.framework/Versions/A/GPUWrangler
0x00007fff2bd02000 	/System/Library/PrivateFrameworks/IOPresentment.framework/Versions/A/IOPresentment
0x00007fff2bd2a000 	/System/Library/PrivateFrameworks/DSExternalDisplay.framework/Versions/A/DSExternalDisplay
0x00007fff2bd8a000 	/System/Library/PrivateFrameworks/CMCaptureCore.framework/Versions/A/CMCaptureCore
0x00007fff2b6ad000 	/System/Library/PrivateFrameworks/AppServerSupport.framework/Versions/A/AppServerSupport
0x00007fff2d75e000 	/System/Library/PrivateFrameworks/perfdata.framework/Versions/A/perfdata
0x00007fff29c87000 	/System/Library/PrivateFrameworks/AssertionServices.framework/Versions/A/AssertionServices
0x00007fff21730000 	/System/Library/PrivateFrameworks/AudioToolboxCore.framework/Versions/A/AudioToolboxCore
0x00007fff2846d000 	/System/Library/PrivateFrameworks/caulk.framework/Versions/A/caulk
0x00007fff3d409000 	/System/Library/PrivateFrameworks/SystemPolicy.framework/Versions/A/SystemPolicy
0x00007fff2aebd000 	/usr/lib/libIOReport.dylib
0x00007fff2cf80000 	/usr/lib/libSMC.dylib
0x00007fff2bc48000 	/usr/lib/libAudioToolboxUtility.dylib
0x00007fff3dd73000 	/usr/lib/libmis.dylib
0x00007fff6c92e000 	/System/Library/Frameworks/OpenGL.framework/Versions/A/Libraries/libGLU.dylib
0x00007fff6c8f1000 	/System/Library/Frameworks/OpenGL.framework/Versions/A/Libraries/libGFXShared.dylib
0x00007fff6cb00000 	/System/Library/Frameworks/OpenGL.framework/Versions/A/Libraries/libGL.dylib
0x00007fff6c8fa000 	/System/Library/Frameworks/OpenGL.framework/Versions/A/Libraries/libGLImage.dylib
0x00007fff6c8ee000 	/System/Library/Frameworks/OpenGL.framework/Versions/A/Libraries/libCVMSPluginSupport.dylib
0x00007fff6c8d9000 	/System/Library/Frameworks/OpenGL.framework/Versions/A/Libraries/libCoreVMClient.dylib
0x00007fff6df41000 	/System/Library/Frameworks/OpenCL.framework/Versions/A/OpenCL
0x00007fff2b237000 	/System/Library/PrivateFrameworks/GraphVisualizer.framework/Versions/A/GraphVisualizer
0x00007fff2b246000 	/System/Library/PrivateFrameworks/FaceCore.framework/Versions/A/FaceCore
0x00007fff2b662000 	/System/Library/PrivateFrameworks/OTSVG.framework/Versions/A/OTSVG
0x00007fff26ee1000 	/System/Library/Frameworks/ApplicationServices.framework/Versions/A/Frameworks/ATS.framework/Versions/A/Resources/libFontRegistry.dylib
0x00007fff2b6b4000 	/System/Library/PrivateFrameworks/FontServices.framework/libhvf.dylib
0x00007fff2b074000 	/System/Library/PrivateFrameworks/AppleVA.framework/Versions/A/AppleVA
0x00007fff2cdc9000 	/System/Library/Frameworks/ApplicationServices.framework/Versions/A/Frameworks/ATS.framework/Versions/A/ATS
0x00007fff2d0db000 	/System/Library/Frameworks/ApplicationServices.framework/Versions/A/Frameworks/ColorSyncLegacy.framework/Versions/A/ColorSyncLegacy
0x00007fff256ed000 	/System/Library/Frameworks/ApplicationServices.framework/Versions/A/Frameworks/HIServices.framework/Versions/A/HIServices
0x00007fff2d0c0000 	/System/Library/Frameworks/ApplicationServices.framework/Versions/A/Frameworks/LangAnalysis.framework/Versions/A/LangAnalysis
0x00007fff2bd94000 	/System/Library/Frameworks/ApplicationServices.framework/Versions/A/Frameworks/PrintCore.framework/Versions/A/PrintCore
0x00007fff2d0e3000 	/System/Library/Frameworks/ApplicationServices.framework/Versions/A/Frameworks/QD.framework/Versions/A/QD
0x00007fff2cdb9000 	/System/Library/Frameworks/ApplicationServices.framework/Versions/A/Frameworks/SpeechSynthesis.framework/Versions/A/SpeechSynthesis
0x00007fff2bd55000 	/System/Library/Frameworks/ApplicationServices.framework/Versions/A/Frameworks/ATSUI.framework/Versions/A/ATSUI
0x00007fff2d060000 	/usr/lib/libcups.2.dylib
0x00007fff2d0d0000 	/System/Library/PrivateFrameworks/NetAuth.framework/Versions/A/NetAuth
0x00007fff2d77a000 	/System/Library/Frameworks/Kerberos.framework/Versions/A/Kerberos
0x00007fff2d78a000 	/System/Library/Frameworks/GSS.framework/Versions/A/GSS
0x00007fff2ce35000 	/usr/lib/libresolv.9.dylib
0x00007fff2b6c9000 	/System/Library/PrivateFrameworks/Heimdal.framework/Versions/A/Heimdal
0x00007fff3350e000 	/System/Library/Frameworks/Kerberos.framework/Versions/A/Libraries/libHeimdalProxy.dylib
0x00007fff262d3000 	/System/Library/Frameworks/Network.framework/Versions/A/Network
0x00007fff2b0e2000 	/usr/lib/libheimdal-asn1.dylib
0x00007fff2d7da000 	/System/Library/PrivateFrameworks/CommonAuth.framework/Versions/A/CommonAuth
0x00007fff27337000 	/System/Library/PrivateFrameworks/login.framework/Versions/A/Frameworks/loginsupport.framework/Versions/A/loginsupport
0x00007fff2cd3e000 	/System/Library/PrivateFrameworks/AudioSession.framework/Versions/A/AudioSession
0x00007fff2cda6000 	/usr/lib/libAudioStatistics.dylib
0x00007fff2b16f000 	/System/Library/PrivateFrameworks/MediaExperience.framework/Versions/A/MediaExperience
0x00007fff2cbdb000 	/System/Library/PrivateFrameworks/AudioSession.framework/libSessionUtility.dylib
0x00007fff2d76b000 	/usr/lib/libperfcheck.dylib
0x00007fff2d0ef000 	/System/Library/PrivateFrameworks/AudioResourceArbitration.framework/Versions/A/AudioResourceArbitration
0x00007fff2b0ec000 	/System/Library/PrivateFrameworks/IconFoundation.framework/Versions/A/IconFoundation
0x00007fff2fc18000 	/System/Library/PrivateFrameworks/SpeechRecognitionCore.framework/Versions/A/SpeechRecognitionCore
0x0000000102cf6000 	/Library/Java/JavaVirtualMachines/jdk1.8.0_281.jdk/Contents/Home/jre/lib/server/libjvm.dylib
0x0000000103af9000 	/Library/Java/JavaVirtualMachines/jdk1.8.0_281.jdk/Contents/Home/jre/lib/libverify.dylib
0x0000000103b0a000 	/Library/Java/JavaVirtualMachines/jdk1.8.0_281.jdk/Contents/Home/jre/lib/libjava.dylib
0x0000000103b3e000 	/Library/Java/JavaVirtualMachines/jdk1.8.0_281.jdk/Contents/Home/jre/lib/libjdwp.dylib
0x0000000103b88000 	/Library/Java/JavaVirtualMachines/jdk1.8.0_281.jdk/Contents/Home/jre/lib/libnpt.dylib
0x0000000103b91000 	/Library/Java/JavaVirtualMachines/jdk1.8.0_281.jdk/Contents/Home/jre/lib/libinstrument.dylib
0x0000000103c00000 	/Library/Java/JavaVirtualMachines/jdk1.8.0_281.jdk/Contents/Home/jre/lib/libzip.dylib
0x0000000103ec2000 	/Library/Java/JavaVirtualMachines/jdk1.8.0_281.jdk/Contents/Home/jre/lib/libdt_socket.dylib
0x0000000104442000 	/Users/teamumbrella/.swt/lib/macosx/x86_64/libswt-cocoa-4940r23.jnilib
0x00007fff3c591000 	/System/Library/Frameworks/WebKit.framework/Versions/A/WebKit
0x00007fff36487000 	/System/Library/Frameworks/JavaScriptCore.framework/Versions/A/JavaScriptCore
0x00007fff2cecd000 	/System/Library/Frameworks/SecurityInterface.framework/Versions/A/SecurityInterface
0x00007fff34c96000 	/System/Library/Frameworks/WebKit.framework/Versions/A/Frameworks/WebKitLegacy.framework/Versions/A/WebKitLegacy
0x00007fff394db000 	/System/Library/Frameworks/WebKit.framework/Versions/A/Frameworks/WebCore.framework/Versions/A/WebCore
0x00007fff394c3000 	/usr/lib/libAccessibility.dylib
0x00007fff2a2e9000 	/System/Library/PrivateFrameworks/AuthKit.framework/Versions/A/AuthKit
0x00007fff3d181000 	/System/Library/Frameworks/Carbon.framework/Versions/A/Carbon
0x00007fff3340a000 	/System/Library/PrivateFrameworks/CorePrediction.framework/Versions/A/CorePrediction
0x00007fff22c10000 	/usr/lib/libsandbox.1.dylib
0x00007fff2794a000 	/System/Library/Frameworks/WebKit.framework/Versions/A/Frameworks/WebCore.framework/Versions/A/Frameworks/libwebrtc.dylib
0x00007fff3c545000 	/System/Library/PrivateFrameworks/SafariSafeBrowsing.framework/Versions/A/SafariSafeBrowsing
0x00007fff394ab000 	/System/Library/PrivateFrameworks/URLFormatting.framework/Versions/A/URLFormatting
0x00007fff3e2b2000 	/System/Library/PrivateFrameworks/WebInspectorUI.framework/Versions/A/WebInspectorUI
0x00007fff3647b000 	/System/Library/Frameworks/Carbon.framework/Versions/A/Frameworks/CommonPanels.framework/Versions/A/CommonPanels
0x00007fff32fc8000 	/System/Library/Frameworks/Carbon.framework/Versions/A/Frameworks/Help.framework/Versions/A/Help
0x00007fff3647f000 	/System/Library/Frameworks/Carbon.framework/Versions/A/Frameworks/ImageCapture.framework/Versions/A/ImageCapture
0x00007fff36457000 	/System/Library/Frameworks/Carbon.framework/Versions/A/Frameworks/OpenScripting.framework/Versions/A/OpenScripting
0x00007fff36477000 	/System/Library/Frameworks/Carbon.framework/Versions/A/Frameworks/Ink.framework/Versions/A/Ink
0x00007fff3d17d000 	/System/Library/Frameworks/Carbon.framework/Versions/A/Frameworks/Print.framework/Versions/A/Print
0x00007fff36473000 	/System/Library/Frameworks/Carbon.framework/Versions/A/Frameworks/SecurityHI.framework/Versions/A/SecurityHI
0x00007fff335c1000 	/System/Library/Frameworks/AudioUnit.framework/Versions/A/AudioUnit
0x00007fff394b3000 	/System/Library/PrivateFrameworks/AXCoreUtilities.framework/Versions/A/AXCoreUtilities
0x00007fff30284000 	/System/Library/Frameworks/MediaAccessibility.framework/Versions/A/MediaAccessibility
0x00007fff29c64000 	/System/Library/PrivateFrameworks/MobileKeyBag.framework/Versions/A/MobileKeyBag
0x00007fff2d862000 	/System/Library/PrivateFrameworks/CorePhoneNumbers.framework/Versions/A/CorePhoneNumbers
0x00007fff30c25000 	/System/Library/PrivateFrameworks/DiskManagement.framework/Versions/A/DiskManagement
0x00007fff30b3b000 	/System/Library/PrivateFrameworks/AppleIDAuthSupport.framework/Versions/A/AppleIDAuthSupport
0x00007fff2d83f000 	/System/Library/PrivateFrameworks/KeychainCircle.framework/Versions/A/KeychainCircle
0x00007fff260ea000 	/System/Library/Frameworks/Accounts.framework/Versions/A/Accounts
0x00007fff30bf1000 	/System/Library/PrivateFrameworks/MediaKit.framework/Versions/A/MediaKit
0x00007fff30b48000 	/System/Library/Frameworks/DiscRecording.framework/Versions/A/DiscRecording
0x00007fff2afe8000 	/usr/lib/libCoreStorage.dylib
0x00007fff32fd4000 	/usr/lib/libcsfde.dylib
0x00007fff2e43c000 	/System/Library/PrivateFrameworks/ProtectedCloudStorage.framework/Versions/A/ProtectedCloudStorage
0x00007fff32fcc000 	/System/Library/PrivateFrameworks/EFILogin.framework/Versions/A/EFILogin
0x00007fff27363000 	/System/Library/PrivateFrameworks/UserManagement.framework/Versions/A/UserManagement
0x00007fff3da1e000 	/System/Library/PrivateFrameworks/CoreOptimization.framework/Versions/A/CoreOptimization
0x00007fff2afe0000 	/usr/lib/libMatch.1.dylib
0x00007fff257f6000 	/System/Library/PrivateFrameworks/WirelessDiagnostics.framework/Versions/A/WirelessDiagnostics
0x00007fff360cd000 	/System/Library/PrivateFrameworks/WirelessDiagnostics.framework/Versions/A/Libraries/libAWDSupportFramework.dylib
0x00007fff25749000 	/System/Library/PrivateFrameworks/WirelessDiagnostics.framework/Versions/A/Libraries/libAWDSupport.dylib
0x00007fff257e4000 	/System/Library/PrivateFrameworks/WirelessDiagnostics.framework/Versions/A/Libraries/libprotobuf-lite.dylib
0x00007fff2d86b000 	/usr/lib/libTelephonyUtilDynamic.dylib
0x00007fff25786000 	/System/Library/PrivateFrameworks/WirelessDiagnostics.framework/Versions/A/Libraries/libprotobuf.dylib
0x00000001044cd000 	/Users/teamumbrella/.swt/lib/macosx/x86_64/libswt-pi-cocoa-4940r23.jnilib
0x00007fff22adb000 	/System/Library/PrivateFrameworks/CoreServicesInternal.framework/Versions/A/CoreServicesInternal
0x00007fff310fe000 	/System/Library/Frameworks/FileProvider.framework/Versions/A/FileProvider
0x00007fff3121f000 	/System/Library/PrivateFrameworks/GenerationalStorage.framework/Versions/A/GenerationalStorage
0x00007fff31be2000 	/System/Library/PrivateFrameworks/CoreSymbolication.framework/Versions/A/CoreSymbolication
0x00007fff30b1d000 	/System/Library/PrivateFrameworks/SymptomDiagnosticReporter.framework/Versions/A/SymptomDiagnosticReporter
0x00007fff2e423000 	/System/Library/PrivateFrameworks/AppContainer.framework/Versions/A/AppContainer
0x00007fff23c27000 	/System/Library/PrivateFrameworks/DesktopServicesPriv.framework/Versions/A/DesktopServicesPriv
0x00007fff34578000 	/System/Library/PrivateFrameworks/ChunkingLibrary.framework/Versions/A/ChunkingLibrary
0x00007fff31ba5000 	/System/Library/PrivateFrameworks/DebugSymbols.framework/Versions/A/DebugSymbols
0x00007fff2e438000 	/System/Library/PrivateFrameworks/SecCodeWrapper.framework/Versions/A/SecCodeWrapper
0x00007fff2aec5000 	/System/Library/PrivateFrameworks/CrashReporterSupport.framework/Versions/A/CrashReporterSupport
0x00007fff482fc000 	/System/Library/PrivateFrameworks/OSAnalytics.framework/Versions/A/OSAnalytics
0x00007fff78106000 	/usr/lib/libRosetta.dylib
0x00007fff32f59000 	/System/Library/PrivateFrameworks/RemoteServiceDiscovery.framework/Versions/A/RemoteServiceDiscovery
0x00007fff522d3000 	/System/Library/PrivateFrameworks/Symbolication.framework/Versions/A/Symbolication
0x00007fff32f69000 	/System/Library/PrivateFrameworks/RemoteXPC.framework/Versions/A/RemoteXPC
0x00007fff39474000 	/System/Library/PrivateFrameworks/OSAServicesClient.framework/Versions/A/OSAServicesClient
0x00007fff3dd52000 	/System/Library/PrivateFrameworks/MallocStackLogging.framework/Versions/A/MallocStackLogging
0x00007fff2e1ba000 	/System/Library/PrivateFrameworks/Sharing.framework/Versions/A/Sharing
0x00007fff32b36000 	/System/Library/PrivateFrameworks/Apple80211.framework/Versions/A/Apple80211
0x00007fff29a64000 	/System/Library/PrivateFrameworks/CoreUtils.framework/Versions/A/CoreUtils
0x00007fff29991000 	/System/Library/Frameworks/CoreWLAN.framework/Versions/A/CoreWLAN
0x00007fff2e302000 	/System/Library/Frameworks/IOBluetooth.framework/Versions/A/IOBluetooth
0x00007fff32b9a000 	/System/Library/PrivateFrameworks/CoreWiFi.framework/Versions/A/CoreWiFi
0x00007fff30aba000 	/System/Library/Frameworks/CoreBluetooth.framework/Versions/A/CoreBluetooth
0x00007fff4197f000 	/System/Library/Frameworks/Accelerate.framework/Versions/A/Frameworks/vImage.framework/Versions/A/Libraries/libCGInterfaces.dylib
0x0000000104639000 	/usr/lib/libobjc-trampolines.dylib
0x00007fff3d57a000 	/System/Library/PrivateFrameworks/AccessibilitySharedSupport.framework/Versions/A/AccessibilitySharedSupport
0x00007fff404a6000 	/System/Library/PrivateFrameworks/TextInput.framework/Versions/A/TextInput
0x00007fff2733a000 	/System/Library/PrivateFrameworks/ApplePushService.framework/Versions/A/ApplePushService
0x00007fff27381000 	/System/Library/Frameworks/CloudKit.framework/Versions/A/CloudKit
0x00007fff2df53000 	/System/Library/PrivateFrameworks/IDS.framework/Versions/A/IDS
0x00007fff34e7a000 	/System/Library/PrivateFrameworks/ConstantClasses.framework/Versions/A/ConstantClasses
0x00007fff302b5000 	/System/Library/PrivateFrameworks/CoreDaemon.framework/Versions/B/CoreDaemon
0x00007fff302b0000 	/System/Library/PrivateFrameworks/AppleSRP.framework/Versions/A/AppleSRP
0x00007fff33671000 	/System/Library/PrivateFrameworks/C2.framework/Versions/A/C2
0x00007fff2829d000 	/System/Library/Frameworks/CoreLocation.framework/Versions/A/CoreLocation
0x00007fff3366b000 	/System/Library/Frameworks/PushKit.framework/Versions/A/PushKit
0x00007fff31ca0000 	/System/Library/PrivateFrameworks/CoreTime.framework/Versions/A/CoreTime
0x00007fff2e6e9000 	/System/Library/PrivateFrameworks/GeoServices.framework/Versions/A/GeoServices
0x00007fff2cbb2000 	/System/Library/PrivateFrameworks/LocationSupport.framework/Versions/A/LocationSupport
0x00007fff2cb48000 	/System/Library/PrivateFrameworks/IMFoundation.framework/Versions/A/IMFoundation
0x00007fff38dc5000 	/System/Library/PrivateFrameworks/Marco.framework/Versions/A/Marco
0x00007fff2e057000 	/System/Library/PrivateFrameworks/IDSFoundation.framework/Versions/A/IDSFoundation
0x00007fff36443000 	/System/Library/PrivateFrameworks/Engram.framework/Versions/A/Engram
0x00007fff363f0000 	/usr/lib/libtidy.A.dylib
0x00007fff2b78a000 	/System/Library/PrivateFrameworks/login.framework/Versions/A/login
0x000000013dfb6000 	/Library/Java/JavaVirtualMachines/jdk1.8.0_281.jdk/Contents/Home/jre/lib/libawt.dylib
0x000000013e056000 	/Library/Java/JavaVirtualMachines/jdk1.8.0_281.jdk/Contents/Home/jre/lib/libmlib_image.dylib
0x00007fff6f76e000 	/System/Library/Frameworks/JavaNativeFoundation.framework/Versions/A/JavaNativeFoundation
0x00007fff6f77a000 	/System/Library/Frameworks/JavaRuntimeSupport.framework/Versions/A/JavaRuntimeSupport
0x000000013e115000 	/Library/Java/JavaVirtualMachines/jdk1.8.0_281.jdk/Contents/Home/jre/lib/libawt_lwawt.dylib
0x00000001047bb000 	/Library/Java/JavaVirtualMachines/jdk1.8.0_281.jdk/Contents/Home/jre/lib/libosxapp.dylib
0x00007fff3c541000 	/System/Library/Frameworks/ExceptionHandling.framework/Versions/A/ExceptionHandling
0x000000013e1c4000 	/Library/Java/JavaVirtualMachines/jdk1.8.0_281.jdk/Contents/Home/jre/lib/libfontmanager.dylib
0x00000001047e0000 	/Library/Java/JavaVirtualMachines/jdk1.8.0_281.jdk/Contents/Home/jre/lib/libnio.dylib
0x000000013e425000 	/Library/Java/JavaVirtualMachines/jdk1.8.0_281.jdk/Contents/Home/jre/lib/libnet.dylib
0x00000001047f2000 	/Library/Java/JavaVirtualMachines/jdk1.8.0_281.jdk/Contents/Home/jre/lib/libjawt.dylib
0x000000013e43f000 	/Users/teamumbrella/eclipse/java-2020-12/Eclipse.app/Contents/Eclipse/CHROME_1.0.0/libjcef.dylib
0x000000013e543000 	/Users/teamumbrella/eclipse/java-2020-12/Eclipse.app/Contents/Eclipse/CHROME_1.0.0/Chromium Embedded Framework
0x00007fff3d27e000 	/System/Library/Frameworks/AVFoundation.framework/Versions/A/AVFoundation
0x00007fff415a0000 	/System/Library/Frameworks/Quartz.framework/Versions/A/Quartz
0x00007fff31988000 	/System/Library/Frameworks/LocalAuthentication.framework/Versions/A/LocalAuthentication
0x00007fff34efe000 	/System/Library/Frameworks/CoreMIDI.framework/Versions/A/CoreMIDI
0x00007fff3e890000 	/System/Library/Frameworks/ImageCaptureCore.framework/Versions/A/ImageCaptureCore
0x00007fff564a9000 	/System/Library/Frameworks/ForceFeedback.framework/Versions/A/ForceFeedback
0x00007fff33152000 	/System/Library/Frameworks/GameController.framework/Versions/A/GameController
0x00007fff3eb64000 	/System/Library/Frameworks/MediaPlayer.framework/Versions/A/MediaPlayer
0x00007fff2e4f6000 	/System/Library/Frameworks/MetalKit.framework/Versions/A/MetalKit
0x00007fff3dba1000 	/System/Library/Frameworks/SafariServices.framework/Versions/A/SafariServices
0x00007fff2a41b000 	/System/Library/Frameworks/UserNotifications.framework/Versions/A/UserNotifications
0x00007fff302f9000 	/System/Library/Frameworks/Vision.framework/Versions/A/Vision
0x00007fff4657e000 	/usr/lib/libpmenergy.dylib
0x00007fff524df000 	/usr/lib/libpmsample.dylib
0x00007fff3779a000 	/System/Library/Frameworks/AVFoundation.framework/Versions/A/Frameworks/AVFAudio.framework/Versions/A/AVFAudio
0x00007fff316ae000 	/System/Library/PrivateFrameworks/AVFCore.framework/Versions/A/AVFCore
0x00007fff37882000 	/System/Library/PrivateFrameworks/AVFCapture.framework/Versions/A/AVFCapture
0x00007fff3c246000 	/System/Library/PrivateFrameworks/AirPlaySync.framework/Versions/A/AirPlaySync
0x00007fff2bf8d000 	/System/Library/Frameworks/MediaToolbox.framework/Versions/A/MediaToolbox
0x00007fff2cf1b000 	/System/Library/Frameworks/CoreMediaIO.framework/Versions/A/CoreMediaIO
0x00007fff310d0000 	/System/Library/PrivateFrameworks/CoreAVCHD.framework/Versions/A/CoreAVCHD
0x00007fff310cc000 	/System/Library/PrivateFrameworks/Mangrove.framework/Versions/A/Mangrove
0x00007fff30290000 	/System/Library/PrivateFrameworks/AlgosScoreFramework.framework/Versions/A/AlgosScoreFramework
0x00007fff31a95000 	/System/Library/PrivateFrameworks/AppleVPA.framework/Versions/A/AppleVPA
0x00007fff30d11000 	/System/Library/PrivateFrameworks/CoreAUC.framework/Versions/A/CoreAUC
0x00007fff37996000 	/System/Library/PrivateFrameworks/Quagga.framework/Versions/A/Quagga
0x00007fff37a2b000 	/System/Library/PrivateFrameworks/CMCapture.framework/Versions/A/CMCapture
0x00007fff336da000 	/System/Library/PrivateFrameworks/Espresso.framework/Versions/A/Espresso
0x00007fff34e94000 	/System/Library/PrivateFrameworks/AppleNeuralEngine.framework/Versions/A/AppleNeuralEngine
0x00007fff33ee8000 	/System/Library/PrivateFrameworks/ANEServices.framework/Versions/A/ANEServices
0x00007fff32ced000 	/System/Library/PrivateFrameworks/BackBoardServices.framework/Versions/A/BackBoardServices
0x00007fff3183c000 	/System/Library/PrivateFrameworks/FrontBoardServices.framework/Versions/A/FrontBoardServices
0x00007fff318af000 	/System/Library/PrivateFrameworks/BoardServices.framework/Versions/A/BoardServices
0x00007fff3f1f2000 	/System/Library/Frameworks/Quartz.framework/Versions/A/Frameworks/QuartzComposer.framework/Versions/A/QuartzComposer
0x00007fff3f694000 	/System/Library/Frameworks/PDFKit.framework/Versions/A/PDFKit
0x00007fff3e8f3000 	/System/Library/Frameworks/Quartz.framework/Versions/A/Frameworks/QuartzFilters.framework/Versions/A/QuartzFilters
0x00007fff3df15000 	/System/Library/Frameworks/Quartz.framework/Versions/A/Frameworks/ImageKit.framework/Versions/A/ImageKit
0x00007fff386a9000 	/System/Library/Frameworks/Quartz.framework/Versions/A/Frameworks/QuickLookUI.framework/Versions/A/QuickLookUI
0x00007fff3d0f9000 	/System/Library/PrivateFrameworks/CorePDF.framework/Versions/A/CorePDF
0x00007fff2e496000 	/System/Library/Frameworks/QuickLook.framework/Versions/A/QuickLook
0x00007fff35b88000 	/System/Library/PrivateFrameworks/DisplayServices.framework/Versions/A/DisplayServices
0x00007fff3c221000 	/System/Library/PrivateFrameworks/QuickLookSupport.framework/Versions/A/QuickLookSupport
0x00007fff336a8000 	/System/Library/Frameworks/QuickLookThumbnailing.framework/Versions/A/QuickLookThumbnailing
0x00007fff2b7a5000 	/System/Library/PrivateFrameworks/CoreBrightness.framework/Versions/A/CoreBrightness
0x00007fff38699000 	/System/Library/PrivateFrameworks/HID.framework/Versions/A/HID
0x00007fff3d5f3000 	/System/Library/PrivateFrameworks/QuickLookNonBaseSystem.framework/Versions/A/QuickLookNonBaseSystem
0x00007fff27065000 	/System/Library/PrivateFrameworks/ViewBridge.framework/Versions/A/ViewBridge
0x00007fff36421000 	/System/Library/PrivateFrameworks/MarkupUI.framework/Versions/A/MarkupUI
0x00007fff3d5d5000 	/System/Library/PrivateFrameworks/SidecarCore.framework/Versions/A/SidecarCore
0x00007fff3f0c0000 	/System/Library/PrivateFrameworks/AnnotationKit.framework/Versions/A/AnnotationKit
0x00007fff3e175000 	/System/Library/Frameworks/PencilKit.framework/Versions/A/PencilKit
0x00007fff3e295000 	/System/Library/PrivateFrameworks/SidecarUI.framework/Versions/A/SidecarUI
0x00007fff3dda2000 	/System/Library/PrivateFrameworks/CoreHandwriting.framework/Versions/A/CoreHandwriting
0x00007fff2583b000 	/System/Library/PrivateFrameworks/Montreal.framework/Versions/A/Montreal
0x00007fff275a4000 	/System/Library/Frameworks/CoreML.framework/Versions/A/CoreML
0x00007fff2af0b000 	/System/Library/PrivateFrameworks/CVNLP.framework/Versions/A/CVNLP
0x00007fff33629000 	/System/Library/PrivateFrameworks/DuetActivityScheduler.framework/Versions/A/DuetActivityScheduler
0x00007fff23dc5000 	/System/Library/PrivateFrameworks/CoreDuet.framework/Versions/A/CoreDuet
0x00007fff3256a000 	/System/Library/PrivateFrameworks/CoreDuetContext.framework/Versions/A/CoreDuetContext
0x00007fff30b27000 	/System/Library/PrivateFrameworks/PowerLog.framework/Versions/A/PowerLog
0x00007fff315b9000 	/System/Library/Frameworks/CoreTelephony.framework/Versions/A/CoreTelephony
0x00007fff3401c000 	/System/Library/PrivateFrameworks/CoreDuetDebugLogging.framework/Versions/A/CoreDuetDebugLogging
0x00007fff325b8000 	/System/Library/Frameworks/Intents.framework/Versions/A/Intents
0x00007fff3401f000 	/System/Library/PrivateFrameworks/CoreDuetDaemonProtocol.framework/Versions/A/CoreDuetDaemonProtocol
0x00007fff31caa000 	/System/Library/PrivateFrameworks/Rapport.framework/Versions/A/Rapport
0x00007fff2afaa000 	/System/Library/PrivateFrameworks/PlugInKit.framework/Versions/A/PlugInKit
0x00007fff3365d000 	/System/Library/PrivateFrameworks/IntentsFoundation.framework/Versions/A/IntentsFoundation
0x00007fff319a0000 	/System/Library/Frameworks/LocalAuthentication.framework/Support/SharedUtils.framework/Versions/A/SharedUtils
0x00007fff31a46000 	/System/Library/Frameworks/CoreHaptics.framework/Versions/A/CoreHaptics
0x00007fff54e4e000 	/System/Library/Frameworks/ReplayKit.framework/Versions/A/ReplayKit
0x00007fff3191c000 	/System/Library/PrivateFrameworks/ExtensionKit.framework/Versions/A/ExtensionKit
0x00007fff31939000 	/System/Library/PrivateFrameworks/ExtensionFoundation.framework/Versions/A/ExtensionFoundation
0x00007fff3505e000 	/System/Library/PrivateFrameworks/AppleMediaServices.framework/Versions/A/AppleMediaServices
0x00007fff745d7000 	/System/Library/PrivateFrameworks/Symptoms.framework/Frameworks/SymptomPresentationFeed.framework/Versions/A/SymptomPresentationFeed
0x00007fff333ca000 	/System/Library/PrivateFrameworks/AppleIDSSOAuthentication.framework/Versions/A/AppleIDSSOAuthentication
0x00007fff3304e000 	/System/Library/PrivateFrameworks/AppSupport.framework/Versions/A/AppSupport
0x00007fff31941000 	/System/Library/Frameworks/CryptoTokenKit.framework/Versions/A/CryptoTokenKit
0x00007fff3da23000 	/System/Library/PrivateFrameworks/FeatureFlagsSupport.framework/Versions/A/FeatureFlagsSupport
0x00007fff302c1000 	/System/Library/PrivateFrameworks/SystemAdministration.framework/Versions/A/SystemAdministration
0x00007fff743ae000 	/System/Library/PrivateFrameworks/Symptoms.framework/Frameworks/SymptomAnalytics.framework/Versions/A/SymptomAnalytics
0x00007fff2fbe0000 	/System/Library/Frameworks/DirectoryService.framework/Versions/A/DirectoryService
0x00007fff32e72000 	/System/Library/PrivateFrameworks/DiskImages.framework/Versions/A/DiskImages
0x00007fff33046000 	/System/Library/PrivateFrameworks/LoginUIKit.framework/Versions/A/Frameworks/LoginUICore.framework/Versions/A/LoginUICore
0x00007fff2b924000 	/usr/lib/libodfde.dylib
0x00007fff32fe0000 	/usr/lib/libcurl.4.dylib
0x00007fff32d40000 	/usr/lib/libcrypto.44.dylib
0x00007fff32e44000 	/usr/lib/libssl.46.dylib
0x00007fff32d06000 	/System/Library/Frameworks/LDAP.framework/Versions/A/LDAP
0x00007fff32d3e000 	/System/Library/PrivateFrameworks/TrustEvaluationAgent.framework/Versions/A/TrustEvaluationAgent
0x00007fff2ce4e000 	/usr/lib/libsasl2.2.dylib
0x00007fff3ecbc000 	/System/Library/PrivateFrameworks/iTunesCloud.framework/Versions/A/iTunesCloud
0x00007fff38c8c000 	/System/Library/PrivateFrameworks/MediaServices.framework/Versions/A/MediaServices
0x00007fff35474000 	/System/Library/PrivateFrameworks/MediaRemote.framework/Versions/A/MediaRemote
0x00007fff44b56000 	/System/Library/PrivateFrameworks/DAAPKit.framework/Versions/A/DAAPKit
0x00007fff2d812000 	/System/Library/PrivateFrameworks/CacheDelete.framework/Versions/A/CacheDelete
0x00007fff33283000 	/System/Library/PrivateFrameworks/AppleAccount.framework/Versions/A/AppleAccount
0x00007fff3866d000 	/System/Library/PrivateFrameworks/CloudServices.framework/Versions/A/CloudServices
0x00007fff31243000 	/System/Library/PrivateFrameworks/OctagonTrust.framework/Versions/A/OctagonTrust
0x00007fff430ba000 	/System/Library/Frameworks/Vision.framework/libfaceCore.dylib
0x00007fff43efc000 	/System/Library/PrivateFrameworks/Futhark.framework/Versions/A/Futhark
0x00007fff43de4000 	/System/Library/PrivateFrameworks/TextRecognition.framework/Versions/A/TextRecognition
0x00007fff30957000 	/System/Library/Frameworks/Contacts.framework/Versions/A/Contacts
0x00007fff307d4000 	/System/Library/PrivateFrameworks/ContactsPersistence.framework/Versions/A/ContactsPersistence
0x00007fff3081a000 	/System/Library/PrivateFrameworks/AddressBookCore.framework/Versions/A/AddressBookCore
0x00007fff2fc30000 	/System/Library/PrivateFrameworks/AppleLDAP.framework/Versions/A/AppleLDAP
0x00007fff34c64000 	/System/Library/PrivateFrameworks/CalendarAgentLink.framework/Versions/A/CalendarAgentLink
0x00007fff33211000 	/System/Library/Frameworks/ClassKit.framework/Versions/A/ClassKit
0x00007fff34757000 	/System/Library/PrivateFrameworks/CoreSuggestions.framework/Versions/A/CoreSuggestions
0x00007fff3074e000 	/System/Library/PrivateFrameworks/ContactsFoundation.framework/Versions/A/ContactsFoundation
0x00007fff394aa000 	/System/Library/PrivateFrameworks/PhoneNumbers.framework/Versions/A/PhoneNumbers
0x00007fff318d9000 	/System/Library/PrivateFrameworks/vCard.framework/Versions/A/vCard
0x00007fff27521000 	/System/Library/PrivateFrameworks/CloudDocs.framework/Versions/A/CloudDocs
0x00007fff3429c000 	/System/Library/PrivateFrameworks/SpotlightIndex.framework/Versions/A/SpotlightIndex
0x00007fff23db2000 	/System/Library/PrivateFrameworks/SpotlightLinguistics.framework/Versions/A/SpotlightLinguistics
0x00007fff33f00000 	/System/Library/PrivateFrameworks/ProactiveSupport.framework/Versions/A/ProactiveSupport
0x00007fff32f81000 	/System/Library/PrivateFrameworks/DataDetectorsNaturalLanguage.framework/Versions/A/DataDetectorsNaturalLanguage
0x00007fff2a44c000 	/System/Library/Frameworks/CoreSpotlight.framework/Versions/A/CoreSpotlight
0x00007fff3904e000 	/System/Library/PrivateFrameworks/ProactiveEventTracker.framework/Versions/A/ProactiveEventTracker
0x00007fff3320e000 	/System/Library/PrivateFrameworks/InternationalTextSearch.framework/Versions/A/InternationalTextSearch
0x00007fff34c8b000 	/System/Library/PrivateFrameworks/RTCReporting.framework/Versions/A/RTCReporting
0x00007fff2d7eb000 	/System/Library/PrivateFrameworks/MobileAsset.framework/Versions/A/MobileAsset
0x00007fff335e6000 	/System/Library/PrivateFrameworks/StreamingZip.framework/Versions/A/StreamingZip
0x00007fff347f6000 	/System/Library/Frameworks/EventKit.framework/Versions/A/EventKit
0x00007fff39009000 	/System/Library/PrivateFrameworks/ResponseKit.framework/Versions/A/ResponseKit
0x00007fff34704000 	/System/Library/PrivateFrameworks/CalDAV.framework/Versions/A/CalDAV
0x00007fff33fa8000 	/System/Library/PrivateFrameworks/CalendarFoundation.framework/Versions/A/CalendarFoundation
0x00007fff3498d000 	/System/Library/PrivateFrameworks/CalendarPersistence.framework/Versions/A/CalendarPersistence
0x00007fff38c30000 	/System/Library/PrivateFrameworks/ExchangeWebServices.framework/Versions/A/ExchangeWebServices
0x00007fff33f74000 	/System/Library/PrivateFrameworks/iCalendar.framework/Versions/A/iCalendar
0x00007fff38ba5000 	/System/Library/PrivateFrameworks/CoreDAV.framework/Versions/A/CoreDAV
0x00007fff30a91000 	/System/Library/PrivateFrameworks/PersonaKit.framework/Versions/A/PersonaKit
0x00007fff38fc0000 	/System/Library/PrivateFrameworks/ContactsAutocomplete.framework/Versions/A/ContactsAutocomplete
0x00007fff33f69000 	/System/Library/PrivateFrameworks/CoreRecents.framework/Versions/A/CoreRecents
0x00007fff3168a000 	/System/Library/PrivateFrameworks/AppSandbox.framework/Versions/A/AppSandbox
0x00007fff38ffc000 	/System/Library/PrivateFrameworks/KerberosHelper.framework/Versions/A/KerberosHelper
0x00007fff38028000 	/System/Library/PrivateFrameworks/AccountsDaemon.framework/Versions/A/AccountsDaemon
0x00007fff380d7000 	/System/Library/PrivateFrameworks/OAuth.framework/Versions/A/OAuth
0x00007fff25a00000 	/System/Library/PrivateFrameworks/NLP.framework/Versions/A/NLP
0x00007fff48bb3000 	/System/Library/PrivateFrameworks/NetworkStatistics.framework/Versions/A/NetworkStatistics
0x00007fff23fc3000 	/usr/lib/libboringssl.dylib
0x000000014c8fe000 	/private/var/folders/m7/hk9gjk5s40l8mp75r1j5z6v40000gp/T/jogamp_0000/file_cache/jln8203936905621732392/jln9042927788864306115/natives/macosx-universal/libgluegen_rt.dylib
0x000000014c902000 	/private/var/folders/m7/hk9gjk5s40l8mp75r1j5z6v40000gp/T/jogamp_0000/file_cache/jln8203936905621732392/jln9042927788864306115/natives/macosx-universal/libnativewindow_awt.dylib
0x00007fff6cb0b000 	/System/Library/Frameworks/OpenGL.framework/Versions/A/Resources/GLEngine.bundle/GLEngine
0x00007fff6c96b000 	/System/Library/Frameworks/OpenGL.framework/Versions/A/Libraries/libGLProgrammability.dylib
0x00007fff5fc9b000 	/System/Library/Extensions/AppleIntelKBLGraphicsGLDriver.bundle/Contents/MacOS/AppleIntelKBLGraphicsGLDriver
0x00007fff46c8e000 	/System/Library/PrivateFrameworks/GPUSupport.framework/Versions/A/Libraries/libGPUSupportMercury.dylib
0x000000014cb08000 	/System/Library/Extensions/AMDRadeonX4000GLDriver.bundle/Contents/MacOS/AMDRadeonX4000GLDriver
0x00007fff6ee1c000 	/System/Library/Extensions/AMDRadeonX4000GLDriver.bundle/Contents/MacOS/ATIRadeonX4000SCLib.dylib
0x00007fff5ef3f000 	/System/Library/Extensions/AMDShared.bundle/Contents/PlugIns/libSC.dylib
0x00007fff6cc87000 	/System/Library/Frameworks/OpenGL.framework/Versions/A/Resources/GLRendererFloat.bundle/GLRendererFloat
0x000000014ccf0000 	/private/var/folders/m7/hk9gjk5s40l8mp75r1j5z6v40000gp/T/jogamp_0000/file_cache/jln8203936905621732392/jln9042927788864306115/natives/macosx-universal/libnativewindow_macosx.dylib
0x000000014d0fa000 	/private/var/folders/m7/hk9gjk5s40l8mp75r1j5z6v40000gp/T/jogamp_0000/file_cache/jln8203936905621732392/jln9042927788864306115/natives/macosx-universal/libjogl_desktop.dylib
0x000000014d1d0000 	/private/var/folders/m7/hk9gjk5s40l8mp75r1j5z6v40000gp/T/jogamp_0000/file_cache/jln8203936905621732392/jln9042927788864306115/natives/macosx-universal/libjogl_mobile.dylib

VM Arguments:
jvm_args: -agentlib:jdwp=transport=dt_socket,suspend=y,address=localhost:51114 -Djogl.1thread=false -Djava.library.path=/Users/teamumbrella/eclipse/java-2020-12/Eclipse.app/Contents/Eclipse/CHROME_1.0.0 -javaagent:/Users/teamumbrella/eclipse/java-2020-12/Eclipse.app/Contents/Eclipse/configuration/org.eclipse.osgi/213/0/.cp/lib/javaagent-shaded.jar -Dfile.encoding=UTF-8 
java_command: org.cef.chromeTest.SWT_Chrome_WR -Djava.library.path=/Users/teamumbrella/eclipse/java-2020-12/Eclipse.app/Contents/Eclipse/CHROME_1.0.0
java_class_path (initial): /Users/teamumbrella/chrome/chrome/java-cef/out/linux64:/Users/teamumbrella/chrome/chrome/java-cef/third_party/appbundler/appbundler-1.0.jar:/Users/teamumbrella/chrome/chrome/java-cef/third_party/jogamp/jar/gluegen-rt.jar:/Users/teamumbrella/chrome/chrome/java-cef/third_party/jogamp/jar/gluegen-rt-natives-linux-amd64.jar:/Users/teamumbrella/chrome/chrome/java-cef/third_party/jogamp/jar/gluegen-rt-natives-linux-i586.jar:/Users/teamumbrella/chrome/chrome/java-cef/third_party/jogamp/jar/gluegen-rt-natives-macosx-universal.jar:/Users/teamumbrella/chrome/chrome/java-cef/third_party/jogamp/jar/gluegen-rt-natives-windows-amd64.jar:/Users/teamumbrella/chrome/chrome/java-cef/third_party/jogamp/jar/gluegen-rt-natives-windows-i586.jar:/Users/teamumbrella/chrome/chrome/java-cef/third_party/jogamp/jar/jogl-all.jar:/Users/teamumbrella/chrome/chrome/java-cef/third_party/jogamp/jar/jogl-all-natives-linux-amd64.jar:/Users/teamumbrella/chrome/chrome/java-cef/third_party/jogamp/jar/jogl-all-natives-linux-i586.jar:/Users/teamumbrella/chrome/chrome/java-cef/third_party/jogamp/jar/jogl-all-natives-macosx-universal.jar:/Users/teamumbrella/chrome/chrome/java-cef/third_party/jogamp/jar/jogl-all-natives-windows-amd64.jar:/Users/teamumbrella/chrome/chrome/java-cef/third_party/jogamp/jar/jogl-all-natives-windows-i586.jar:/Users/teamumbrella/chrome/chrome/java-cef/third_party/junit/junit-platform-console-standalone-1.4.2.jar:/Users/teamumbrella/chrome/chrome/java-cef/lib/org.eclipse.swt.cocoa.macosx.x86_64-3.115.100.jar:/Users/teamumbrella/chrome/chrome/java-cef/lib/org.eclipse.swt_3.115.100.v20201202-1103.jar:/Users/teamumbrella/eclipse/java-2020-12/Eclipse.app/Contents/Eclipse/configuration/org.eclipse.osgi/213/0/.cp/lib/javaagent-shaded.jar
Launcher Type: SUN_STANDARD

Environment Variables:
PATH=/usr/bin:/bin:/usr/sbin:/sbin
SHELL=/bin/bash

Signal Handlers:
SIGSEGV: [libjvm.dylib+0x5a1f9b], sa_mask[0]=11111111011111110111111111111111, sa_flags=SA_ONSTACK|SA_RESTART|SA_SIGINFO
SIGBUS: [libjvm.dylib+0x5a1f9b], sa_mask[0]=11111111011111110111111111111111, sa_flags=SA_RESTART|SA_SIGINFO
SIGFPE: [libjvm.dylib+0x492701], sa_mask[0]=11111111011111110111111111111111, sa_flags=SA_RESTART|SA_SIGINFO
SIGPIPE: [libjvm.dylib+0x492701], sa_mask[0]=11111111011111110111111111111111, sa_flags=SA_RESTART|SA_SIGINFO
SIGXFSZ: [libjvm.dylib+0x492701], sa_mask[0]=11111111011111110111111111111111, sa_flags=SA_RESTART|SA_SIGINFO
SIGILL: [libjvm.dylib+0x492701], sa_mask[0]=11111111011111110111111111111111, sa_flags=SA_RESTART|SA_SIGINFO
SIGUSR1: SIG_DFL, sa_mask[0]=00000000000000000000000000000000, sa_flags=none
SIGUSR2: [libjvm.dylib+0x492ffa], sa_mask[0]=00100000000000000000000000000000, sa_flags=SA_RESTART|SA_SIGINFO
SIGHUP: [libjvm.dylib+0x491209], sa_mask[0]=11111111011111110111111111111111, sa_flags=SA_RESTART|SA_SIGINFO
SIGINT: [libjvm.dylib+0x491209], sa_mask[0]=11111111011111110111111111111111, sa_flags=SA_RESTART|SA_SIGINFO
SIGTERM: [libjvm.dylib+0x491209], sa_mask[0]=11111111011111110111111111111111, sa_flags=SA_RESTART|SA_SIGINFO
SIGQUIT: [libjvm.dylib+0x491209], sa_mask[0]=11111111011111110111111111111111, sa_flags=SA_RESTART|SA_SIGINFO


---------------  S Y S T E M  ---------------

OS:Bsduname:Darwin 20.3.0 Darwin Kernel Version 20.3.0: Thu Jan 21 00:07:06 PST 2021; root:xnu-7195.81.3~1/RELEASE_X86_64 x86_64
rlimit: STACK 8192k, CORE 0k, NPROC 5568, NOFILE 10240, AS infinity
load average:3.05 2.69 2.41

CPU:total 16 (initial active 16) (8 cores per cpu, 2 threads per core) family 6 model 158 stepping 13, cmov, cx8, fxsr, mmx, sse, sse2, sse3, ssse3, sse4.1, sse4.2, popcnt, avx, avx2, aes, clmul, erms, 3dnowpref, lzcnt, ht, tsc, tscinvbit, bmi1, bmi2, adx

Memory: 4k page, physical 33554432k(3302252k free)

/proc/meminfo:


vm_info: Java HotSpot(TM) 64-Bit Server VM (25.281-b09) for bsd-amd64 JRE (1.8.0_281-b09), built on Dec  9 2020 12:44:49 by "java_re" with gcc 4.2.1 Compatible Apple LLVM 10.0.0 (clang-1000.11.45.5)

time: Tue Feb 23 17:56:15 2021
timezone: CET
elapsed time: 49.500756 seconds (0d 0h 0m 49s)

