#
# A fatal error has been detected by the Java Runtime Environment:
#
#  SIGSEGV (0xb) at pc=0x00000001412bcfb2, pid=10925, tid=0x0000000000000307
#
# JRE version: Java(TM) SE Runtime Environment (8.0_281-b09) (build 1.8.0_281-b09)
# Java VM: Java HotSpot(TM) 64-Bit Server VM (25.281-b09 mixed mode bsd-amd64 compressed oops)
# Problematic frame:
# C  [libawt_lwawt.dylib+0x45fb2]  JNI_OnLoad+0xa0
#
# Failed to write core dump. Core dumps have been disabled. To enable core dumping, try "ulimit -c unlimited" before starting Java again
#
# If you would like to submit a bug report, please visit:
#   http://bugreport.java.com/bugreport/crash.jsp
# The crash happened outside the Java Virtual Machine in native code.
# See problematic frame for where to report the bug.
#

---------------  T H R E A D  ---------------

Current thread (0x00007f8a22809000):  JavaThread "main" [_thread_in_native, id=775, stack(0x00007ffee9458000,0x00007ffee9c58000)]

siginfo: si_signo: 11 (SIGSEGV), si_code: 1 (SEGV_MAPERR), si_addr: 0x0000000000000000

Registers:
RAX=0x00000001413ab930, RBX=0x00000001066e5cc0, RCX=0x00000001412d4b4d, RDX=0x0000000000000307
RSP=0x00007ffee9c54260, RBP=0x00007ffee9c542f0, RSI=0x00007ffee9c54268, RDI=0x0000000000000000
R8 =0x0000000000000010, R9 =0x0000000000000010, R10=0x00007f8a205d9f30, R11=0x00000001414892f3
R12=0x0000000000000000, R13=0x0000000000000000, R14=0x00007f8a228091f8, R15=0x00007f8a205d9a30
RIP=0x00000001412bcfb2, EFLAGS=0x0000000000010202, ERR=0x0000000000000004
  TRAPNO=0x000000000000000e

Top of Stack: (sp=0x00007ffee9c54260)
0x00007ffee9c54260:   00007f8a20500000 0000000000000000
0x00007ffee9c54270:   00007ffee9c542b0 00007fff201a0002
0x00007ffee9c54280:   00007f8a205d9400 00000001412bcf12
0x00007ffee9c54290:   0000000000000000 00007f8a205d99d0
0x00007ffee9c542a0:   00007f8a205d9ba0 00007f8a228091f8
0x00007ffee9c542b0:   00007ffee9c542f0 0000000106e08aca
0x00007ffee9c542c0:   00aba7b975ca00f2 00007ffee9c54320
0x00007ffee9c542d0:   00000001412bcf12 0000000000000000
0x00007ffee9c542e0:   00007f8a228091f8 00007f8a205d9a30
0x00007ffee9c542f0:   00007ffee9c54450 0000000106e087f5
0x00007ffee9c54300:   00007f8a22004610 00007ffee9c544e0
0x00007ffee9c54310:   00007ffee9c544e8 00007f8a205d9ba0
0x00007ffee9c54320:   00000001066e5cc0 00007f8a220043c0
0x00007ffee9c54330:   00007ffee9c54350 000000010622c974
0x00007ffee9c54340:   00007ffee9c54478 00007ffee9c543a0
0x00007ffee9c54350:   00007ffee9c54370 000000010646938c
0x00007ffee9c54360:   00007ffee9c543a0 00007ffee9c543a0
0x00007ffee9c54370:   00007ffee9c54390 00000001061d68d2
0x00007ffee9c54380:   00aba7b975ca00f2 00007f8a22809000
0x00007ffee9c54390:   0000000131424d40 00007ffee9c543f8
0x00007ffee9c543a0:   00007ffee9c54428 00007ffee9c54430
0x00007ffee9c543b0:   00007ffee9c54460 00000001062c2fbc
0x00007ffee9c543c0:   00007ffee9c543e0 0000000106574bb7
0x00007ffee9c543d0:   00007f8a22809000 00007ffee9c54428
0x00007ffee9c543e0:   00007ffee9c54460 00000001062c2fd0
0x00007ffee9c543f0:   00007ffee9c54470 00007ffee9c54478
0x00007ffee9c54400:   000000011082064a 00000001108055d0
0x00007ffee9c54410:   0000000100000000 00007ffee9c544b8
0x00007ffee9c54420:   00aba7b975ca00f2 0000000131424d40
0x00007ffee9c54430:   0000000000000000 0000000131424d40
0x00007ffee9c54440:   00007ffee9c544e8 00007f8a22809000
0x00007ffee9c54450:   00007ffee9c544b8 0000000110820aa8 

Instructions: (pc=0x00000001412bcfb2)
0x00000001412bcf92:   48 89 df e8 f4 0c 00 00 48 8d b5 78 ff ff ff 48
0x00000001412bcfa2:   c7 06 00 00 00 00 48 8b 05 d9 b4 01 00 48 8b 38
0x00000001412bcfb2:   48 8b 07 ba 04 00 01 00 ff 50 30 85 c0 0f 85 1e
0x00000001412bcfc2:   02 00 00 48 8b 85 78 ff ff ff 48 85 c0 0f 84 0e 

Register to memory mapping:

RAX=0x00000001413ab930: jvm+0 in /Library/Java/JavaVirtualMachines/jdk1.8.0_281.jdk/Contents/Home/jre/lib/libawt.dylib at 0x0000000141326000
RBX=0x00000001066e5cc0: main_vm+0 in /Library/Java/JavaVirtualMachines/jdk1.8.0_281.jdk/Contents/Home/jre/lib/server/libjvm.dylib at 0x0000000105ff3000
RCX=0x00000001412d4b4d: contextTexturePath.alpha+0xd44d in /Library/Java/JavaVirtualMachines/jdk1.8.0_281.jdk/Contents/Home/jre/lib/libawt_lwawt.dylib at 0x0000000141277000
RDX=0x0000000000000307 is an unknown value
RSP=0x00007ffee9c54260 is pointing into the stack for thread: 0x00007f8a22809000
RBP=0x00007ffee9c542f0 is pointing into the stack for thread: 0x00007f8a22809000
RSI=0x00007ffee9c54268 is pointing into the stack for thread: 0x00007f8a22809000
RDI=0x0000000000000000 is an unknown value
R8 =0x0000000000000010 is an unknown value
R9 =0x0000000000000010 is an unknown value
R10=0x00007f8a205d9f30 is an unknown value
R11=0x00000001414892f3: OSXAPP_SetJavaVM+0 in /Library/Java/JavaVirtualMachines/jdk1.8.0_281.jdk/Contents/Home/jre/lib/libosxapp.dylib at 0x0000000141485000
R12=0x0000000000000000 is an unknown value
R13=0x0000000000000000 is an unknown value
R14=0x00007f8a228091f8 is an unknown value
R15=0x00007f8a205d9a30 is an unknown value


Stack: [0x00007ffee9458000,0x00007ffee9c58000],  sp=0x00007ffee9c54260,  free space=8176k
Native frames: (J=compiled Java code, j=interpreted, Vv=VM code, C=native code)
C  [libawt_lwawt.dylib+0x45fb2]  JNI_OnLoad+0xa0
C  [libjava.dylib+0x17f5]  Java_java_lang_ClassLoader_00024NativeLibrary_load+0xc3
j  java.lang.ClassLoader$NativeLibrary.load(Ljava/lang/String;Z)V+0
j  java.lang.ClassLoader.loadLibrary0(Ljava/lang/Class;Ljava/io/File;)Z+328
j  java.lang.ClassLoader.loadLibrary(Ljava/lang/Class;Ljava/lang/String;Z)V+217
j  java.lang.Runtime.loadLibrary0(Ljava/lang/Class;Ljava/lang/String;)V+54
j  java.lang.System.loadLibrary(Ljava/lang/String;)V+7
j  org.cef.chromeTest.ResourceLoaderForMacintosh.loadLibrary(Ljava/lang/String;)V+91
j  org.cef.SystemBootstrap.loadLibrary(Ljava/lang/String;)V+4
j  org.cef.CefApp.startup([Ljava/lang/String;)Z+14
j  org.cef.chromeTest.Chromium.create(Lorg/eclipse/swt/widgets/Composite;I)V+152
j  org.cef.chromeTest.ChromiumBrowser.createControl(Lorg/eclipse/swt/widgets/Composite;)V+18
j  org.cef.chromeTest.SWT_Chrome_WR.main([Ljava/lang/String;)V+193
v  ~StubRoutines::call_stub
V  [libjvm.dylib+0x2d5599]  JavaCalls::call_helper(JavaValue*, methodHandle*, JavaCallArguments*, Thread*)+0x771
V  [libjvm.dylib+0x30662f]  jni_invoke_static(JNIEnv_*, JavaValue*, _jobject*, JNICallType, _jmethodID*, JNI_ArgumentPusher*, Thread*)+0x279
V  [libjvm.dylib+0x309cdf]  jni_CallStaticVoidMethod+0x1f6
C  [java+0x316c]  JavaMain+0x9dc
C  [java+0x5d34]  __JVMInit_block_invoke+0x4b
C  [Foundation+0x4201c]  __NSBLOCKOPERATION_IS_CALLING_OUT_TO_A_BLOCK__+0x7
C  [Foundation+0x41f14]  -[NSBlockOperation main]+0x62
C  [Foundation+0x41ea5]  __NSOPERATION_IS_INVOKING_MAIN__+0x11
C  [Foundation+0x41156]  -[NSOperation start]+0x311
C  [Foundation+0x804d9]  __NSThreadPerformPerform+0xcc
C  [CoreFoundation+0x81a0c]  __CFRUNLOOP_IS_CALLING_OUT_TO_A_SOURCE0_PERFORM_FUNCTION__+0x11
C  [CoreFoundation+0x81974]  __CFRunLoopDoSource0+0xb4
C  [CoreFoundation+0x816ef]  __CFRunLoopDoSources0+0xf8
C  [CoreFoundation+0x80121]  __CFRunLoopRun+0x37a
C  [CoreFoundation+0x7f6ce]  CFRunLoopRunSpecific+0x233
C  [java+0x5282]  CreateExecutionEnvironment+0x37e
C  [java+0x17ae]  JLI_Launch+0x75e
C  [java+0x7be9]  main+0x44
C  [libdyld.dylib+0x15621]  start+0x1
C  0x000000000000000b

Java frames: (J=compiled Java code, j=interpreted, Vv=VM code)
j  java.lang.ClassLoader$NativeLibrary.load(Ljava/lang/String;Z)V+0
j  java.lang.ClassLoader.loadLibrary0(Ljava/lang/Class;Ljava/io/File;)Z+328
j  java.lang.ClassLoader.loadLibrary(Ljava/lang/Class;Ljava/lang/String;Z)V+217
j  java.lang.Runtime.loadLibrary0(Ljava/lang/Class;Ljava/lang/String;)V+54
j  java.lang.System.loadLibrary(Ljava/lang/String;)V+7
j  org.cef.chromeTest.ResourceLoaderForMacintosh.loadLibrary(Ljava/lang/String;)V+91
j  org.cef.SystemBootstrap.loadLibrary(Ljava/lang/String;)V+4
j  org.cef.CefApp.startup([Ljava/lang/String;)Z+14
j  org.cef.chromeTest.Chromium.create(Lorg/eclipse/swt/widgets/Composite;I)V+152
j  org.cef.chromeTest.ChromiumBrowser.createControl(Lorg/eclipse/swt/widgets/Composite;)V+18
j  org.cef.chromeTest.SWT_Chrome_WR.main([Ljava/lang/String;)V+193
v  ~StubRoutines::call_stub

---------------  P R O C E S S  ---------------

Java Threads: ( => current thread )
  0x00007f8a22894800 JavaThread "Service Thread" daemon [_thread_blocked, id=26115, stack(0x000070000ded7000,0x000070000dfd7000)]
  0x00007f8a03808800 JavaThread "C1 CompilerThread11" daemon [_thread_blocked, id=25603, stack(0x000070000ddd4000,0x000070000ded4000)]
  0x00007f8a22837800 JavaThread "C1 CompilerThread10" daemon [_thread_blocked, id=25091, stack(0x000070000dcd1000,0x000070000ddd1000)]
  0x00007f8a02075000 JavaThread "C1 CompilerThread9" daemon [_thread_blocked, id=24835, stack(0x000070000dbce000,0x000070000dcce000)]
  0x00007f8a0101f800 JavaThread "C1 CompilerThread8" daemon [_thread_blocked, id=24579, stack(0x000070000dacb000,0x000070000dbcb000)]
  0x00007f8a01840000 JavaThread "C2 CompilerThread7" daemon [_thread_blocked, id=24067, stack(0x000070000d9c8000,0x000070000dac8000)]
  0x00007f8a2284f000 JavaThread "C2 CompilerThread6" daemon [_thread_blocked, id=23811, stack(0x000070000d8c5000,0x000070000d9c5000)]
  0x00007f8a0206c000 JavaThread "C2 CompilerThread5" daemon [_thread_blocked, id=23555, stack(0x000070000d7c2000,0x000070000d8c2000)]
  0x00007f8a2082f000 JavaThread "C2 CompilerThread4" daemon [_thread_blocked, id=41475, stack(0x000070000d6bf000,0x000070000d7bf000)]
  0x00007f8a20811000 JavaThread "C2 CompilerThread3" daemon [_thread_blocked, id=41731, stack(0x000070000d5bc000,0x000070000d6bc000)]
  0x00007f8a02063800 JavaThread "C2 CompilerThread2" daemon [_thread_blocked, id=41987, stack(0x000070000d4b9000,0x000070000d5b9000)]
  0x00007f8a02062800 JavaThread "C2 CompilerThread1" daemon [_thread_blocked, id=42243, stack(0x000070000d3b6000,0x000070000d4b6000)]
  0x00007f8a0080d800 JavaThread "C2 CompilerThread0" daemon [_thread_blocked, id=42499, stack(0x000070000d2b3000,0x000070000d3b3000)]
  0x00007f8a2082e000 JavaThread "JDWP Command Reader" daemon [_thread_in_native, id=22019, stack(0x000070000d1b0000,0x000070000d2b0000)]
  0x00007f8a21815800 JavaThread "JDWP Event Helper Thread" daemon [_thread_blocked, id=43267, stack(0x000070000d0ad000,0x000070000d1ad000)]
  0x00007f8a21816800 JavaThread "JDWP Transport Listener: dt_socket" daemon [_thread_blocked, id=16903, stack(0x000070000cfaa000,0x000070000d0aa000)]
  0x00007f8a2284e800 JavaThread "Signal Dispatcher" daemon [_thread_blocked, id=17411, stack(0x000070000cea7000,0x000070000cfa7000)]
  0x00007f8a21813000 JavaThread "Finalizer" daemon [_thread_blocked, id=19203, stack(0x000070000cc9e000,0x000070000cd9e000)]
  0x00007f8a21810800 JavaThread "Reference Handler" daemon [_thread_blocked, id=13827, stack(0x000070000cb9b000,0x000070000cc9b000)]
=>0x00007f8a22809000 JavaThread "main" [_thread_in_native, id=775, stack(0x00007ffee9458000,0x00007ffee9c58000)]

Other Threads:
  0x00007f8a22831000 VMThread [stack: 0x000070000ca98000,0x000070000cb98000] [id=13571]
  0x00007f8a0180e000 WatcherThread [stack: 0x000070000dfda000,0x000070000e0da000] [id=26627]

VM state:not at safepoint (normal execution)

VM Mutex/Monitor currently owned by a thread: None

heap address: 0x00000005c0000000, size: 8192 MB, Compressed Oops mode: Zero based, Oop shift amount: 3
Narrow klass base: 0x0000000000000000, Narrow klass shift: 3
Compressed class space size: 1073741824 Address: 0x00000007c0000000

Heap:
 PSYoungGen      total 153088K, used 45458K [0x0000000715580000, 0x0000000720000000, 0x00000007c0000000)
  eden space 131584K, 34% used [0x0000000715580000,0x00000007181e4b80,0x000000071d600000)
  from space 21504K, 0% used [0x000000071eb00000,0x000000071eb00000,0x0000000720000000)
  to   space 21504K, 0% used [0x000000071d600000,0x000000071d600000,0x000000071eb00000)
 ParOldGen       total 349696K, used 0K [0x00000005c0000000, 0x00000005d5580000, 0x0000000715580000)
  object space 349696K, 0% used [0x00000005c0000000,0x00000005c0000000,0x00000005d5580000)
 Metaspace       used 8640K, capacity 8798K, committed 8960K, reserved 1056768K
  class space    used 843K, capacity 930K, committed 1024K, reserved 1048576K

Card table byte_map: [0x00000001072ca000,0x00000001082cb000] byte_map_base: 0x00000001044ca000

Marking Bits: (ParMarkBitMap*) 0x000000010671b488
 Begin Bits: [0x00000001202ab000, 0x00000001282ab000)
 End Bits:   [0x00000001282ab000, 0x00000001302ab000)

Polling page: 0x0000000106e3a000

CodeCache: size=245760Kb used=4919Kb max_used=4919Kb free=240841Kb
 bounds [0x0000000110800000, 0x0000000110cd0000, 0x000000011f800000]
 total_blobs=1158 nmethods=756 adapters=321
 compilation: enabled

Compilation events (10 events):
Event: 3.697 Thread 0x00007f8a03808800  751       3       org.eclipse.jdt.launching.internal.org.objectweb.asm.ByteVector::putUTF8 (144 bytes)
Event: 3.698 Thread 0x00007f8a03808800 nmethod 751 0x0000000110cc1bd0 code [0x0000000110cc1dc0, 0x0000000110cc2678]
Event: 3.701 Thread 0x00007f8a22837800  753       3       org.eclipse.jdt.launching.internal.org.objectweb.asm.SymbolTable::<init> (536 bytes)
Event: 3.701 Thread 0x00007f8a02075000  754       3       org.eclipse.jdt.launching.internal.org.objectweb.asm.ClassReader::getFirstAttributeOffset (136 bytes)
Event: 3.702 Thread 0x00007f8a02075000 nmethod 754 0x0000000110cc2f50 code [0x0000000110cc3160, 0x0000000110cc3a78]
Event: 3.709 Thread 0x00007f8a22837800 nmethod 753 0x0000000110cc4190 code [0x0000000110cc48e0, 0x0000000110cc94b8]
Event: 3.712 Thread 0x00007f8a0101f800  755       1       java.io.File::getPath (5 bytes)
Event: 3.712 Thread 0x00007f8a0101f800 nmethod 755 0x0000000110cce6d0 code [0x0000000110cce820, 0x0000000110cce930]
Event: 3.715 Thread 0x00007f8a03808800  756       3       java.lang.ref.SoftReference::<init> (13 bytes)
Event: 3.715 Thread 0x00007f8a03808800 nmethod 756 0x0000000110cce990 code [0x0000000110cceb00, 0x0000000110ccedf0]

GC Heap History (0 events):
No events

Deoptimization events (3 events):
Event: 0.485 Thread 0x00007f8a22809000 Uncommon trap: reason=unstable_if action=reinterpret pc=0x0000000110b81adc method=org.eclipse.jdt.launching.internal.org.objectweb.asm.ClassReader.readUTF8(I[C)Ljava/lang/String; @ 11
Event: 1.387 Thread 0x00007f8a22809000 Uncommon trap: reason=unstable_if action=reinterpret pc=0x0000000110c37118 method=java.lang.String.indexOf([CII[CIII)I @ 134
Event: 1.828 Thread 0x00007f8a22809000 Uncommon trap: reason=unstable_if action=reinterpret pc=0x0000000110b94710 method=org.eclipse.jdt.launching.internal.org.objectweb.asm.ByteVector.putShort(I)Lorg/eclipse/jdt/launching/internal/org/objectweb/asm/ByteVector; @ 13

Classes redefined (0 events):
No events

Internal exceptions (8 events):
Event: 0.036 Thread 0x00007f8a22809000 Exception <a 'java/lang/NoSuchMethodError': Method sun.misc.Unsafe.defineClass(Ljava/lang/String;[BII)Ljava/lang/Class; name or signature does not match> (0x0000000715587cc0) thrown at [/jenkins/workspace/8-2-build-macosx-x86_64/jdk8u281/880/hotspot/src/s
Event: 0.036 Thread 0x00007f8a22809000 Exception <a 'java/lang/NoSuchMethodError': Method sun.misc.Unsafe.prefetchRead(Ljava/lang/Object;J)V name or signature does not match> (0x0000000715587fa8) thrown at [/jenkins/workspace/8-2-build-macosx-x86_64/jdk8u281/880/hotspot/src/share/vm/prims/jni.
Event: 0.737 Thread 0x00007f8a22809000 Exception <a 'java/lang/NoSuchFieldError': method resolution failed> (0x00000007171fd750) thrown at [/jenkins/workspace/8-2-build-macosx-x86_64/jdk8u281/880/hotspot/src/share/vm/prims/methodHandles.cpp, line 1169]
Event: 0.740 Thread 0x00007f8a22809000 Exception <a 'java/lang/NoSuchFieldError': method resolution failed> (0x000000071720b568) thrown at [/jenkins/workspace/8-2-build-macosx-x86_64/jdk8u281/880/hotspot/src/share/vm/prims/methodHandles.cpp, line 1169]
Event: 1.381 Thread 0x00007f8a22809000 Exception <a 'java/security/PrivilegedActionException'> (0x0000000717a09490) thrown at [/jenkins/workspace/8-2-build-macosx-x86_64/jdk8u281/880/hotspot/src/share/vm/prims/jvm.cpp, line 1512]
Event: 1.381 Thread 0x00007f8a22809000 Exception <a 'java/security/PrivilegedActionException'> (0x0000000717a09888) thrown at [/jenkins/workspace/8-2-build-macosx-x86_64/jdk8u281/880/hotspot/src/share/vm/prims/jvm.cpp, line 1512]
Event: 1.381 Thread 0x00007f8a22809000 Exception <a 'java/security/PrivilegedActionException'> (0x0000000717a0cda0) thrown at [/jenkins/workspace/8-2-build-macosx-x86_64/jdk8u281/880/hotspot/src/share/vm/prims/jvm.cpp, line 1512]
Event: 1.381 Thread 0x00007f8a22809000 Exception <a 'java/security/PrivilegedActionException'> (0x0000000717a0d198) thrown at [/jenkins/workspace/8-2-build-macosx-x86_64/jdk8u281/880/hotspot/src/share/vm/prims/jvm.cpp, line 1512]

Events (10 events):
Event: 12.517 Executing VM operation: GetCurrentLocation
Event: 12.517 Executing VM operation: GetCurrentLocation done
Event: 12.517 Executing VM operation: ChangeSingleStep
Event: 12.517 Executing VM operation: ChangeSingleStep done
Event: 12.518 Executing VM operation: GetOrSetLocal
Event: 12.518 Executing VM operation: GetOrSetLocal done
Event: 12.519 Executing VM operation: ChangeSingleStep
Event: 12.519 Executing VM operation: ChangeSingleStep done
Event: 12.519 Executing VM operation: EnterInterpOnlyMode
Event: 12.519 Executing VM operation: EnterInterpOnlyMode done


Dynamic libraries:
0x00007fff35010000 	/System/Library/Frameworks/Cocoa.framework/Versions/A/Cocoa
0x00007fff22235000 	/System/Library/Frameworks/Security.framework/Versions/A/Security
0x00007fff3320d000 	/System/Library/Frameworks/ApplicationServices.framework/Versions/A/ApplicationServices
0x00007fff2a4be000 	/usr/lib/libz.1.dylib
0x00007fff2a586000 	/usr/lib/libSystem.B.dylib
0x00007fff203fb000 	/System/Library/Frameworks/CoreFoundation.framework/Versions/A/CoreFoundation
0x00007fff211a8000 	/System/Library/Frameworks/Foundation.framework/Versions/C/Foundation
0x00007fff2021b000 	/usr/lib/libobjc.A.dylib
0x00007fff22c5c000 	/System/Library/Frameworks/AppKit.framework/Versions/C/AppKit
0x00007fff25af4000 	/System/Library/Frameworks/CoreData.framework/Versions/A/CoreData
0x00007fff239bf000 	/System/Library/PrivateFrameworks/UIFoundation.framework/Versions/A/UIFoundation
0x00007fff2fbec000 	/System/Library/PrivateFrameworks/RemoteViewServices.framework/Versions/A/RemoteViewServices
0x00007fff289e5000 	/System/Library/PrivateFrameworks/XCTTargetBootstrap.framework/Versions/A/XCTTargetBootstrap
0x00007fff2b6c6000 	/usr/lib/libspindump.dylib
0x00007fff23c14000 	/System/Library/Frameworks/UniformTypeIdentifiers.framework/Versions/A/UniformTypeIdentifiers
0x00007fff271bb000 	/usr/lib/libapp_launch_measurement.dylib
0x00007fff271be000 	/System/Library/PrivateFrameworks/CoreAutoLayout.framework/Versions/A/CoreAutoLayout
0x00007fff28347000 	/System/Library/Frameworks/Metal.framework/Versions/A/Metal
0x00007fff29037000 	/usr/lib/liblangid.dylib
0x00007fff289e9000 	/System/Library/PrivateFrameworks/CoreSVG.framework/Versions/A/CoreSVG
0x00007fff24bfb000 	/System/Library/PrivateFrameworks/SkyLight.framework/Versions/A/SkyLight
0x00007fff24f62000 	/System/Library/Frameworks/CoreGraphics.framework/Versions/A/CoreGraphics
0x00007fff30243000 	/System/Library/Frameworks/Accelerate.framework/Versions/A/Accelerate
0x00007fff2b101000 	/System/Library/PrivateFrameworks/IconServices.framework/Versions/A/IconServices
0x00007fff2832c000 	/System/Library/Frameworks/IOSurface.framework/Versions/A/IOSurface
0x00007fff2647d000 	/usr/lib/libDiagnosticMessagesClient.dylib
0x00007fff289d1000 	/System/Library/PrivateFrameworks/DFRFoundation.framework/Versions/A/DFRFoundation
0x00007fff22587000 	/usr/lib/libicucore.A.dylib
0x00007fff2cc0d000 	/System/Library/Frameworks/AudioToolbox.framework/Versions/A/AudioToolbox
0x00007fff2beb2000 	/System/Library/PrivateFrameworks/DataDetectorsCore.framework/Versions/A/DataDetectorsCore
0x00007fff286d1000 	/System/Library/Frameworks/Carbon.framework/Versions/A/Frameworks/HIToolbox.framework/Versions/A/HIToolbox
0x00007fff26c16000 	/System/Library/Frameworks/QuartzCore.framework/Versions/A/QuartzCore
0x00007fff2fc28000 	/System/Library/Frameworks/Carbon.framework/Versions/A/Frameworks/SpeechRecognition.framework/Versions/A/SpeechRecognition
0x00007fff26f23000 	/System/Library/PrivateFrameworks/CoreUI.framework/Versions/A/CoreUI
0x00007fff21b90000 	/System/Library/Frameworks/CoreAudio.framework/Versions/A/CoreAudio
0x00007fff26568000 	/System/Library/Frameworks/DiskArbitration.framework/Versions/A/DiskArbitration
0x00007fff2bac1000 	/System/Library/PrivateFrameworks/MultitouchSupport.framework/Versions/A/MultitouchSupport
0x00007fff2bea9000 	/System/Library/PrivateFrameworks/InternationalSupport.framework/Versions/A/InternationalSupport
0x00007fff24b6f000 	/usr/lib/libenergytrace.dylib
0x00007fff22b55000 	/System/Library/Frameworks/IOKit.framework/Versions/A/IOKit
0x00007fff2ff75000 	/System/Library/Frameworks/CoreServices.framework/Versions/A/CoreServices
0x00007fff27151000 	/System/Library/PrivateFrameworks/PerformanceAnalysis.framework/Versions/A/PerformanceAnalysis
0x00007fff6c8de000 	/System/Library/Frameworks/OpenGL.framework/Versions/A/OpenGL
0x00007fff2bf2e000 	/System/Library/PrivateFrameworks/UserActivity.framework/Versions/A/UserActivity
0x00007fff255f6000 	/System/Library/Frameworks/ColorSync.framework/Versions/A/ColorSync
0x00007fff28c4e000 	/System/Library/Frameworks/CoreImage.framework/Versions/A/CoreImage
0x00007fff219a7000 	/System/Library/Frameworks/CoreText.framework/Versions/A/CoreText
0x00007fff28a13000 	/System/Library/Frameworks/ImageIO.framework/Versions/A/ImageIO
0x00007fff2a58c000 	/System/Library/PrivateFrameworks/SoftLinking.framework/Versions/A/SoftLinking
0x00007fff27207000 	/usr/lib/libxml2.2.dylib
0x00007fff202e0000 	/usr/lib/libc++.1.dylib
0x00007fff2a7fe000 	/usr/lib/libcompression.dylib
0x00007fff24b70000 	/usr/lib/libMobileGestalt.dylib
0x00007fff2bddc000 	/System/Library/PrivateFrameworks/TextureIO.framework/Versions/A/TextureIO
0x00007fff2ae24000 	/usr/lib/libate.dylib
0x00007fff2a580000 	/usr/lib/system/libcache.dylib
0x00007fff2a53c000 	/usr/lib/system/libcommonCrypto.dylib
0x00007fff2a566000 	/usr/lib/system/libcompiler_rt.dylib
0x00007fff2a55b000 	/usr/lib/system/libcopyfile.dylib
0x00007fff20109000 	/usr/lib/system/libcorecrypto.dylib
0x00007fff201d6000 	/usr/lib/system/libdispatch.dylib
0x00007fff2038a000 	/usr/lib/system/libdyld.dylib
0x00007fff2a577000 	/usr/lib/system/libkeymgr.dylib
0x00007fff2d9bf000 	/usr/lib/system/liblaunch.dylib
0x00007fff2a51a000 	/usr/lib/system/libmacho.dylib
0x00007fff29d34000 	/usr/lib/system/libquarantine.dylib
0x00007fff2a574000 	/usr/lib/system/libremovefile.dylib
0x00007fff24bcc000 	/usr/lib/system/libsystem_asl.dylib
0x00007fff200b9000 	/usr/lib/system/libsystem_blocks.dylib
0x00007fff20257000 	/usr/lib/system/libsystem_c.dylib
0x00007fff2a56e000 	/usr/lib/system/libsystem_collections.dylib
0x00007fff29028000 	/usr/lib/system/libsystem_configuration.dylib
0x00007fff2831b000 	/usr/lib/system/libsystem_containermanager.dylib
0x00007fff2a2b6000 	/usr/lib/system/libsystem_coreservices.dylib
0x00007fff227e9000 	/usr/lib/system/libsystem_darwin.dylib
0x00007fff2a578000 	/usr/lib/system/libsystem_dnssd.dylib
0x00007fff20254000 	/usr/lib/system/libsystem_featureflags.dylib
0x00007fff203cf000 	/usr/lib/system/libsystem_info.dylib
0x00007fff2a4d1000 	/usr/lib/system/libsystem_m.dylib
0x00007fff201a9000 	/usr/lib/system/libsystem_malloc.dylib
0x00007fff24b60000 	/usr/lib/system/libsystem_networkextension.dylib
0x00007fff22c04000 	/usr/lib/system/libsystem_notify.dylib
0x00007fff2fe73000 	/usr/lib/system/libsystem_product_info_filter.dylib
0x00007fff2902c000 	/usr/lib/system/libsystem_sandbox.dylib
0x00007fff2a571000 	/usr/lib/system/libsystem_secinit.dylib
0x00007fff2034f000 	/usr/lib/system/libsystem_kernel.dylib
0x00007fff203c5000 	/usr/lib/system/libsystem_platform.dylib
0x00007fff2037e000 	/usr/lib/system/libsystem_pthread.dylib
0x00007fff262cb000 	/usr/lib/system/libsystem_symptoms.dylib
0x00007fff200f1000 	/usr/lib/system/libsystem_trace.dylib
0x00007fff2a548000 	/usr/lib/system/libunwind.dylib
0x00007fff200bb000 	/usr/lib/system/libxpc.dylib
0x00007fff20336000 	/usr/lib/libc++abi.dylib
0x00007fff2a553000 	/usr/lib/liboah.dylib
0x00007fff2ac09000 	/usr/lib/liblzma.5.dylib
0x00007fff20ebc000 	/System/Library/Frameworks/SystemConfiguration.framework/Versions/A/SystemConfiguration
0x00007fff2a588000 	/usr/lib/libfakelink.dylib
0x00007fff246c2000 	/System/Library/Frameworks/CFNetwork.framework/Versions/A/CFNetwork
0x00007fff2a6c8000 	/usr/lib/libarchive.2.dylib
0x00007fff20f3a000 	/usr/lib/libCRFSuite.dylib
0x00007fff29d5b000 	/usr/lib/libbsm.0.dylib
0x00007fff2407e000 	/usr/lib/libnetwork.dylib
0x00007fff2a58d000 	/usr/lib/libpcap.A.dylib
0x00007fff262c4000 	/usr/lib/libdns_services.dylib
0x00007fff2ac22000 	/usr/lib/libcoretls_cfhelpers.dylib
0x00007fff2a7cc000 	/usr/lib/libapple_nghttp2.dylib
0x00007fff2a520000 	/usr/lib/system/libkxld.dylib
0x00007fff25f2a000 	/usr/lib/libsqlite3.dylib
0x00007fff2a298000 	/System/Library/PrivateFrameworks/AppleFSCompression.framework/Versions/A/AppleFSCompression
0x00007fff29d43000 	/usr/lib/libcoretls.dylib
0x00007fff2a7f9000 	/usr/lib/libpam.2.dylib
0x00007fff2ad1f000 	/usr/lib/libxar.1.dylib
0x00007fff29033000 	/System/Library/PrivateFrameworks/AppleSystemInfo.framework/Versions/A/AppleSystemInfo
0x00007fff29986000 	/System/Library/PrivateFrameworks/IOMobileFramebuffer.framework/Versions/A/IOMobileFramebuffer
0x00007fff2a2a8000 	/usr/lib/libbz2.1.0.dylib
0x00007fff2a5c5000 	/usr/lib/libiconv.2.dylib
0x00007fff2a519000 	/usr/lib/libcharset.1.dylib
0x00007fff2718d000 	/System/Library/Frameworks/CoreServices.framework/Versions/A/Frameworks/FSEvents.framework/Versions/A/FSEvents
0x00007fff227f3000 	/System/Library/Frameworks/CoreServices.framework/Versions/A/Frameworks/CarbonCore.framework/Versions/A/CarbonCore
0x00007fff264cd000 	/System/Library/Frameworks/CoreServices.framework/Versions/A/Frameworks/Metadata.framework/Versions/A/Metadata
0x00007fff2a2bb000 	/System/Library/Frameworks/CoreServices.framework/Versions/A/Frameworks/OSServices.framework/Versions/A/OSServices
0x00007fff2a73a000 	/System/Library/Frameworks/CoreServices.framework/Versions/A/Frameworks/SearchKit.framework/Versions/A/SearchKit
0x00007fff2624e000 	/System/Library/Frameworks/CoreServices.framework/Versions/A/Frameworks/AE.framework/Versions/A/AE
0x00007fff20897000 	/System/Library/Frameworks/CoreServices.framework/Versions/A/Frameworks/LaunchServices.framework/Versions/A/LaunchServices
0x00007fff2abba000 	/System/Library/Frameworks/CoreServices.framework/Versions/A/Frameworks/DictionaryServices.framework/Versions/A/DictionaryServices
0x00007fff27196000 	/System/Library/Frameworks/CoreServices.framework/Versions/A/Frameworks/SharedFileList.framework/Versions/A/SharedFileList
0x00007fff29d37000 	/usr/lib/libCheckFix.dylib
0x00007fff24be3000 	/System/Library/PrivateFrameworks/TCC.framework/Versions/A/TCC
0x00007fff29039000 	/System/Library/PrivateFrameworks/CoreNLP.framework/Versions/A/CoreNLP
0x00007fff26480000 	/System/Library/PrivateFrameworks/MetadataUtilities.framework/Versions/A/MetadataUtilities
0x00007fff20f70000 	/usr/lib/libmecabra.dylib
0x00007fff2a04a000 	/System/Library/Frameworks/MLCompute.framework/Versions/A/MLCompute
0x00007fff29d6c000 	/usr/lib/libmecab.dylib
0x00007fff29db6000 	/usr/lib/libgermantok.dylib
0x00007fff2a7a2000 	/usr/lib/libThaiTokenizer.dylib
0x00007fff2ad5a000 	/usr/lib/libChineseTokenizer.dylib
0x00007fff2a7f7000 	/System/Library/Frameworks/MetalPerformanceShaders.framework/Versions/A/MetalPerformanceShaders
0x00007fff2656f000 	/System/Library/Frameworks/Accelerate.framework/Versions/A/Frameworks/vImage.framework/Versions/A/vImage
0x00007fff2ff4e000 	/System/Library/Frameworks/Accelerate.framework/Versions/A/Frameworks/vecLib.framework/Versions/A/vecLib
0x00007fff2ad65000 	/System/Library/Frameworks/Accelerate.framework/Versions/A/Frameworks/vecLib.framework/Versions/A/libvMisc.dylib
0x00007fff2979f000 	/System/Library/Frameworks/Accelerate.framework/Versions/A/Frameworks/vecLib.framework/Versions/A/libvDSP.dylib
0x00007fff20b9b000 	/System/Library/Frameworks/Accelerate.framework/Versions/A/Frameworks/vecLib.framework/Versions/A/libBLAS.dylib
0x00007fff2a81d000 	/System/Library/Frameworks/Accelerate.framework/Versions/A/Frameworks/vecLib.framework/Versions/A/libLAPACK.dylib
0x00007fff29dbc000 	/System/Library/Frameworks/Accelerate.framework/Versions/A/Frameworks/vecLib.framework/Versions/A/libLinearAlgebra.dylib
0x00007fff2a7e4000 	/System/Library/Frameworks/Accelerate.framework/Versions/A/Frameworks/vecLib.framework/Versions/A/libSparseBLAS.dylib
0x00007fff2a817000 	/System/Library/Frameworks/Accelerate.framework/Versions/A/Frameworks/vecLib.framework/Versions/A/libQuadrature.dylib
0x00007fff290e1000 	/System/Library/Frameworks/Accelerate.framework/Versions/A/Frameworks/vecLib.framework/Versions/A/libBNNS.dylib
0x00007fff20e4d000 	/System/Library/Frameworks/Accelerate.framework/Versions/A/Frameworks/vecLib.framework/Versions/A/libSparse.dylib
0x00007fff28fcc000 	/System/Library/Frameworks/MetalPerformanceShaders.framework/Versions/A/Frameworks/MPSCore.framework/Versions/A/MPSCore
0x00007fff2a207000 	/System/Library/Frameworks/MetalPerformanceShaders.framework/Versions/A/Frameworks/MPSImage.framework/Versions/A/MPSImage
0x00007fff29dd2000 	/System/Library/Frameworks/MetalPerformanceShaders.framework/Versions/A/Frameworks/MPSNeuralNetwork.framework/Versions/A/MPSNeuralNetwork
0x00007fff2a192000 	/System/Library/Frameworks/MetalPerformanceShaders.framework/Versions/A/Frameworks/MPSMatrix.framework/Versions/A/MPSMatrix
0x00007fff29ffa000 	/System/Library/Frameworks/MetalPerformanceShaders.framework/Versions/A/Frameworks/MPSRayIntersector.framework/Versions/A/MPSRayIntersector
0x00007fff2a1c9000 	/System/Library/Frameworks/MetalPerformanceShaders.framework/Versions/A/Frameworks/MPSNDArray.framework/Versions/A/MPSNDArray
0x00007fff20ac7000 	/System/Library/PrivateFrameworks/MetalTools.framework/Versions/A/MetalTools
0x00007fff29031000 	/System/Library/PrivateFrameworks/AggregateDictionary.framework/Versions/A/AggregateDictionary
0x00007fff26458000 	/System/Library/PrivateFrameworks/CoreAnalytics.framework/Versions/A/CoreAnalytics
0x00007fff2a7a4000 	/System/Library/PrivateFrameworks/AppleSauce.framework/Versions/A/AppleSauce
0x00007fff2833e000 	/System/Library/PrivateFrameworks/IOAccelerator.framework/Versions/A/IOAccelerator
0x00007fff6c8d2000 	/System/Library/Frameworks/OpenGL.framework/Versions/A/Libraries/libCoreFSCache.dylib
0x00007fff2150c000 	/System/Library/PrivateFrameworks/LanguageModeling.framework/Versions/A/LanguageModeling
0x00007fff29973000 	/System/Library/PrivateFrameworks/CoreEmoji.framework/Versions/A/CoreEmoji
0x00007fff290da000 	/System/Library/PrivateFrameworks/LinguisticData.framework/Versions/A/LinguisticData
0x00007fff20dff000 	/System/Library/PrivateFrameworks/Lexicon.framework/Versions/A/Lexicon
0x00007fff2a6b6000 	/usr/lib/libcmph.dylib
0x00007fff2716d000 	/System/Library/Frameworks/OpenDirectory.framework/Versions/A/Frameworks/CFOpenDirectory.framework/Versions/A/CFOpenDirectory
0x00007fff2715d000 	/System/Library/Frameworks/OpenDirectory.framework/Versions/A/OpenDirectory
0x00007fff2ac24000 	/System/Library/PrivateFrameworks/APFS.framework/Versions/A/APFS
0x00007fff29c98000 	/System/Library/Frameworks/SecurityFoundation.framework/Versions/A/SecurityFoundation
0x00007fff2ad2d000 	/usr/lib/libutil.dylib
0x00007fff22b1a000 	/System/Library/PrivateFrameworks/CoreServicesStore.framework/Versions/A/CoreServicesStore
0x00007fff29d2f000 	/System/Library/Frameworks/ServiceManagement.framework/Versions/A/ServiceManagement
0x00007fff2ad31000 	/usr/lib/libxslt.1.dylib
0x00007fff29d25000 	/System/Library/PrivateFrameworks/BackgroundTaskManagement.framework/Versions/A/BackgroundTaskManagement
0x00007fff2bd26000 	/System/Library/Frameworks/ImageIO.framework/Versions/A/Resources/libRadiance.dylib
0x00007fff2bd30000 	/System/Library/Frameworks/ImageIO.framework/Versions/A/Resources/libJPEG.dylib
0x00007fff2bc7b000 	/System/Library/Frameworks/ImageIO.framework/Versions/A/Resources/libPng.dylib
0x00007fff2bca2000 	/System/Library/Frameworks/ImageIO.framework/Versions/A/Resources/libTIFF.dylib
0x00007fff2bd85000 	/System/Library/Frameworks/ImageIO.framework/Versions/A/Resources/libGIF.dylib
0x00007fff2b9de000 	/System/Library/Frameworks/ImageIO.framework/Versions/A/Resources/libJP2.dylib
0x00007fff2b0c8000 	/usr/lib/libexpat.1.dylib
0x00007fff2b993000 	/System/Library/PrivateFrameworks/AppleJPEG.framework/Versions/A/AppleJPEG
0x00007fff28574000 	/System/Library/PrivateFrameworks/FontServices.framework/libFontParser.dylib
0x00007fff26202000 	/System/Library/PrivateFrameworks/RunningBoardServices.framework/Versions/A/RunningBoardServices
0x00007fff2babd000 	/System/Library/PrivateFrameworks/WatchdogClient.framework/Versions/A/WatchdogClient
0x00007fff215f9000 	/System/Library/Frameworks/CoreDisplay.framework/Versions/A/CoreDisplay
0x00007fff2848a000 	/System/Library/Frameworks/CoreMedia.framework/Versions/A/CoreMedia
0x00007fff272ea000 	/System/Library/Frameworks/CoreVideo.framework/Versions/A/CoreVideo
0x00007fff2baf5000 	/System/Library/Frameworks/VideoToolbox.framework/Versions/A/VideoToolbox
0x00007fff26180000 	/System/Library/PrivateFrameworks/BaseBoard.framework/Versions/A/BaseBoard
0x00007fff2b20d000 	/System/Library/PrivateFrameworks/PersistentConnection.framework/Versions/A/PersistentConnection
0x00007fff25f13000 	/System/Library/PrivateFrameworks/ProtocolBuffer.framework/Versions/A/ProtocolBuffer
0x00007fff26167000 	/System/Library/PrivateFrameworks/CommonUtilities.framework/Versions/A/CommonUtilities
0x00007fff2b928000 	/System/Library/PrivateFrameworks/Bom.framework/Versions/A/Bom
0x00007fff2bd1f000 	/System/Library/PrivateFrameworks/GPUWrangler.framework/Versions/A/GPUWrangler
0x00007fff2bd02000 	/System/Library/PrivateFrameworks/IOPresentment.framework/Versions/A/IOPresentment
0x00007fff2bd2a000 	/System/Library/PrivateFrameworks/DSExternalDisplay.framework/Versions/A/DSExternalDisplay
0x00007fff2bd8a000 	/System/Library/PrivateFrameworks/CMCaptureCore.framework/Versions/A/CMCaptureCore
0x00007fff2b6ad000 	/System/Library/PrivateFrameworks/AppServerSupport.framework/Versions/A/AppServerSupport
0x00007fff2d75e000 	/System/Library/PrivateFrameworks/perfdata.framework/Versions/A/perfdata
0x00007fff29c87000 	/System/Library/PrivateFrameworks/AssertionServices.framework/Versions/A/AssertionServices
0x00007fff21730000 	/System/Library/PrivateFrameworks/AudioToolboxCore.framework/Versions/A/AudioToolboxCore
0x00007fff2846d000 	/System/Library/PrivateFrameworks/caulk.framework/Versions/A/caulk
0x00007fff3d409000 	/System/Library/PrivateFrameworks/SystemPolicy.framework/Versions/A/SystemPolicy
0x00007fff2aebd000 	/usr/lib/libIOReport.dylib
0x00007fff2cf80000 	/usr/lib/libSMC.dylib
0x00007fff2bc48000 	/usr/lib/libAudioToolboxUtility.dylib
0x00007fff3dd73000 	/usr/lib/libmis.dylib
0x00007fff6c92e000 	/System/Library/Frameworks/OpenGL.framework/Versions/A/Libraries/libGLU.dylib
0x00007fff6c8f1000 	/System/Library/Frameworks/OpenGL.framework/Versions/A/Libraries/libGFXShared.dylib
0x00007fff6cb00000 	/System/Library/Frameworks/OpenGL.framework/Versions/A/Libraries/libGL.dylib
0x00007fff6c8fa000 	/System/Library/Frameworks/OpenGL.framework/Versions/A/Libraries/libGLImage.dylib
0x00007fff6c8ee000 	/System/Library/Frameworks/OpenGL.framework/Versions/A/Libraries/libCVMSPluginSupport.dylib
0x00007fff6c8d9000 	/System/Library/Frameworks/OpenGL.framework/Versions/A/Libraries/libCoreVMClient.dylib
0x00007fff6df41000 	/System/Library/Frameworks/OpenCL.framework/Versions/A/OpenCL
0x00007fff2b237000 	/System/Library/PrivateFrameworks/GraphVisualizer.framework/Versions/A/GraphVisualizer
0x00007fff2b246000 	/System/Library/PrivateFrameworks/FaceCore.framework/Versions/A/FaceCore
0x00007fff2b662000 	/System/Library/PrivateFrameworks/OTSVG.framework/Versions/A/OTSVG
0x00007fff26ee1000 	/System/Library/Frameworks/ApplicationServices.framework/Versions/A/Frameworks/ATS.framework/Versions/A/Resources/libFontRegistry.dylib
0x00007fff2b6b4000 	/System/Library/PrivateFrameworks/FontServices.framework/libhvf.dylib
0x00007fff2b074000 	/System/Library/PrivateFrameworks/AppleVA.framework/Versions/A/AppleVA
0x00007fff2cdc9000 	/System/Library/Frameworks/ApplicationServices.framework/Versions/A/Frameworks/ATS.framework/Versions/A/ATS
0x00007fff2d0db000 	/System/Library/Frameworks/ApplicationServices.framework/Versions/A/Frameworks/ColorSyncLegacy.framework/Versions/A/ColorSyncLegacy
0x00007fff256ed000 	/System/Library/Frameworks/ApplicationServices.framework/Versions/A/Frameworks/HIServices.framework/Versions/A/HIServices
0x00007fff2d0c0000 	/System/Library/Frameworks/ApplicationServices.framework/Versions/A/Frameworks/LangAnalysis.framework/Versions/A/LangAnalysis
0x00007fff2bd94000 	/System/Library/Frameworks/ApplicationServices.framework/Versions/A/Frameworks/PrintCore.framework/Versions/A/PrintCore
0x00007fff2d0e3000 	/System/Library/Frameworks/ApplicationServices.framework/Versions/A/Frameworks/QD.framework/Versions/A/QD
0x00007fff2cdb9000 	/System/Library/Frameworks/ApplicationServices.framework/Versions/A/Frameworks/SpeechSynthesis.framework/Versions/A/SpeechSynthesis
0x00007fff2bd55000 	/System/Library/Frameworks/ApplicationServices.framework/Versions/A/Frameworks/ATSUI.framework/Versions/A/ATSUI
0x00007fff2d060000 	/usr/lib/libcups.2.dylib
0x00007fff2d0d0000 	/System/Library/PrivateFrameworks/NetAuth.framework/Versions/A/NetAuth
0x00007fff2d77a000 	/System/Library/Frameworks/Kerberos.framework/Versions/A/Kerberos
0x00007fff2d78a000 	/System/Library/Frameworks/GSS.framework/Versions/A/GSS
0x00007fff2ce35000 	/usr/lib/libresolv.9.dylib
0x00007fff2b6c9000 	/System/Library/PrivateFrameworks/Heimdal.framework/Versions/A/Heimdal
0x00007fff3350e000 	/System/Library/Frameworks/Kerberos.framework/Versions/A/Libraries/libHeimdalProxy.dylib
0x00007fff262d3000 	/System/Library/Frameworks/Network.framework/Versions/A/Network
0x00007fff2b0e2000 	/usr/lib/libheimdal-asn1.dylib
0x00007fff2d7da000 	/System/Library/PrivateFrameworks/CommonAuth.framework/Versions/A/CommonAuth
0x00007fff27337000 	/System/Library/PrivateFrameworks/login.framework/Versions/A/Frameworks/loginsupport.framework/Versions/A/loginsupport
0x00007fff2cd3e000 	/System/Library/PrivateFrameworks/AudioSession.framework/Versions/A/AudioSession
0x00007fff2cda6000 	/usr/lib/libAudioStatistics.dylib
0x00007fff2b16f000 	/System/Library/PrivateFrameworks/MediaExperience.framework/Versions/A/MediaExperience
0x00007fff2cbdb000 	/System/Library/PrivateFrameworks/AudioSession.framework/libSessionUtility.dylib
0x00007fff2d76b000 	/usr/lib/libperfcheck.dylib
0x00007fff2d0ef000 	/System/Library/PrivateFrameworks/AudioResourceArbitration.framework/Versions/A/AudioResourceArbitration
0x00007fff2b0ec000 	/System/Library/PrivateFrameworks/IconFoundation.framework/Versions/A/IconFoundation
0x00007fff2fc18000 	/System/Library/PrivateFrameworks/SpeechRecognitionCore.framework/Versions/A/SpeechRecognitionCore
0x0000000105ff3000 	/Library/Java/JavaVirtualMachines/jdk1.8.0_281.jdk/Contents/Home/jre/lib/server/libjvm.dylib
0x0000000106df6000 	/Library/Java/JavaVirtualMachines/jdk1.8.0_281.jdk/Contents/Home/jre/lib/libverify.dylib
0x0000000106e07000 	/Library/Java/JavaVirtualMachines/jdk1.8.0_281.jdk/Contents/Home/jre/lib/libjava.dylib
0x0000000106e3b000 	/Library/Java/JavaVirtualMachines/jdk1.8.0_281.jdk/Contents/Home/jre/lib/libjdwp.dylib
0x0000000106e85000 	/Library/Java/JavaVirtualMachines/jdk1.8.0_281.jdk/Contents/Home/jre/lib/libnpt.dylib
0x0000000106e8e000 	/Library/Java/JavaVirtualMachines/jdk1.8.0_281.jdk/Contents/Home/jre/lib/libinstrument.dylib
0x0000000106efd000 	/Library/Java/JavaVirtualMachines/jdk1.8.0_281.jdk/Contents/Home/jre/lib/libzip.dylib
0x0000000108397000 	/Library/Java/JavaVirtualMachines/jdk1.8.0_281.jdk/Contents/Home/jre/lib/libdt_socket.dylib
0x0000000108771000 	/Users/teamumbrella/.swt/lib/macosx/x86_64/libswt-cocoa-4940r23.jnilib
0x00007fff3c591000 	/System/Library/Frameworks/WebKit.framework/Versions/A/WebKit
0x00007fff36487000 	/System/Library/Frameworks/JavaScriptCore.framework/Versions/A/JavaScriptCore
0x00007fff2cecd000 	/System/Library/Frameworks/SecurityInterface.framework/Versions/A/SecurityInterface
0x00007fff34c96000 	/System/Library/Frameworks/WebKit.framework/Versions/A/Frameworks/WebKitLegacy.framework/Versions/A/WebKitLegacy
0x00007fff394db000 	/System/Library/Frameworks/WebKit.framework/Versions/A/Frameworks/WebCore.framework/Versions/A/WebCore
0x00007fff394c3000 	/usr/lib/libAccessibility.dylib
0x00007fff2a2e9000 	/System/Library/PrivateFrameworks/AuthKit.framework/Versions/A/AuthKit
0x00007fff3d181000 	/System/Library/Frameworks/Carbon.framework/Versions/A/Carbon
0x00007fff3340a000 	/System/Library/PrivateFrameworks/CorePrediction.framework/Versions/A/CorePrediction
0x00007fff22c10000 	/usr/lib/libsandbox.1.dylib
0x00007fff2794a000 	/System/Library/Frameworks/WebKit.framework/Versions/A/Frameworks/WebCore.framework/Versions/A/Frameworks/libwebrtc.dylib
0x00007fff3c545000 	/System/Library/PrivateFrameworks/SafariSafeBrowsing.framework/Versions/A/SafariSafeBrowsing
0x00007fff394ab000 	/System/Library/PrivateFrameworks/URLFormatting.framework/Versions/A/URLFormatting
0x00007fff3e2b2000 	/System/Library/PrivateFrameworks/WebInspectorUI.framework/Versions/A/WebInspectorUI
0x00007fff3647b000 	/System/Library/Frameworks/Carbon.framework/Versions/A/Frameworks/CommonPanels.framework/Versions/A/CommonPanels
0x00007fff32fc8000 	/System/Library/Frameworks/Carbon.framework/Versions/A/Frameworks/Help.framework/Versions/A/Help
0x00007fff3647f000 	/System/Library/Frameworks/Carbon.framework/Versions/A/Frameworks/ImageCapture.framework/Versions/A/ImageCapture
0x00007fff36457000 	/System/Library/Frameworks/Carbon.framework/Versions/A/Frameworks/OpenScripting.framework/Versions/A/OpenScripting
0x00007fff36477000 	/System/Library/Frameworks/Carbon.framework/Versions/A/Frameworks/Ink.framework/Versions/A/Ink
0x00007fff3d17d000 	/System/Library/Frameworks/Carbon.framework/Versions/A/Frameworks/Print.framework/Versions/A/Print
0x00007fff36473000 	/System/Library/Frameworks/Carbon.framework/Versions/A/Frameworks/SecurityHI.framework/Versions/A/SecurityHI
0x00007fff335c1000 	/System/Library/Frameworks/AudioUnit.framework/Versions/A/AudioUnit
0x00007fff394b3000 	/System/Library/PrivateFrameworks/AXCoreUtilities.framework/Versions/A/AXCoreUtilities
0x00007fff30284000 	/System/Library/Frameworks/MediaAccessibility.framework/Versions/A/MediaAccessibility
0x00007fff29c64000 	/System/Library/PrivateFrameworks/MobileKeyBag.framework/Versions/A/MobileKeyBag
0x00007fff2d862000 	/System/Library/PrivateFrameworks/CorePhoneNumbers.framework/Versions/A/CorePhoneNumbers
0x00007fff30c25000 	/System/Library/PrivateFrameworks/DiskManagement.framework/Versions/A/DiskManagement
0x00007fff30b3b000 	/System/Library/PrivateFrameworks/AppleIDAuthSupport.framework/Versions/A/AppleIDAuthSupport
0x00007fff2d83f000 	/System/Library/PrivateFrameworks/KeychainCircle.framework/Versions/A/KeychainCircle
0x00007fff260ea000 	/System/Library/Frameworks/Accounts.framework/Versions/A/Accounts
0x00007fff30bf1000 	/System/Library/PrivateFrameworks/MediaKit.framework/Versions/A/MediaKit
0x00007fff30b48000 	/System/Library/Frameworks/DiscRecording.framework/Versions/A/DiscRecording
0x00007fff2afe8000 	/usr/lib/libCoreStorage.dylib
0x00007fff32fd4000 	/usr/lib/libcsfde.dylib
0x00007fff2e43c000 	/System/Library/PrivateFrameworks/ProtectedCloudStorage.framework/Versions/A/ProtectedCloudStorage
0x00007fff32fcc000 	/System/Library/PrivateFrameworks/EFILogin.framework/Versions/A/EFILogin
0x00007fff27363000 	/System/Library/PrivateFrameworks/UserManagement.framework/Versions/A/UserManagement
0x00007fff3da1e000 	/System/Library/PrivateFrameworks/CoreOptimization.framework/Versions/A/CoreOptimization
0x00007fff2afe0000 	/usr/lib/libMatch.1.dylib
0x00007fff257f6000 	/System/Library/PrivateFrameworks/WirelessDiagnostics.framework/Versions/A/WirelessDiagnostics
0x00007fff360cd000 	/System/Library/PrivateFrameworks/WirelessDiagnostics.framework/Versions/A/Libraries/libAWDSupportFramework.dylib
0x00007fff25749000 	/System/Library/PrivateFrameworks/WirelessDiagnostics.framework/Versions/A/Libraries/libAWDSupport.dylib
0x00007fff257e4000 	/System/Library/PrivateFrameworks/WirelessDiagnostics.framework/Versions/A/Libraries/libprotobuf-lite.dylib
0x00007fff2d86b000 	/usr/lib/libTelephonyUtilDynamic.dylib
0x00007fff25786000 	/System/Library/PrivateFrameworks/WirelessDiagnostics.framework/Versions/A/Libraries/libprotobuf.dylib
0x0000000133688000 	/Users/teamumbrella/.swt/lib/macosx/x86_64/libswt-pi-cocoa-4940r23.jnilib
0x00007fff22adb000 	/System/Library/PrivateFrameworks/CoreServicesInternal.framework/Versions/A/CoreServicesInternal
0x00007fff310fe000 	/System/Library/Frameworks/FileProvider.framework/Versions/A/FileProvider
0x00007fff3121f000 	/System/Library/PrivateFrameworks/GenerationalStorage.framework/Versions/A/GenerationalStorage
0x00007fff31be2000 	/System/Library/PrivateFrameworks/CoreSymbolication.framework/Versions/A/CoreSymbolication
0x00007fff30b1d000 	/System/Library/PrivateFrameworks/SymptomDiagnosticReporter.framework/Versions/A/SymptomDiagnosticReporter
0x00007fff2e423000 	/System/Library/PrivateFrameworks/AppContainer.framework/Versions/A/AppContainer
0x00007fff23c27000 	/System/Library/PrivateFrameworks/DesktopServicesPriv.framework/Versions/A/DesktopServicesPriv
0x00007fff34578000 	/System/Library/PrivateFrameworks/ChunkingLibrary.framework/Versions/A/ChunkingLibrary
0x00007fff31ba5000 	/System/Library/PrivateFrameworks/DebugSymbols.framework/Versions/A/DebugSymbols
0x00007fff2e438000 	/System/Library/PrivateFrameworks/SecCodeWrapper.framework/Versions/A/SecCodeWrapper
0x00007fff2aec5000 	/System/Library/PrivateFrameworks/CrashReporterSupport.framework/Versions/A/CrashReporterSupport
0x00007fff482fc000 	/System/Library/PrivateFrameworks/OSAnalytics.framework/Versions/A/OSAnalytics
0x00007fff78106000 	/usr/lib/libRosetta.dylib
0x00007fff32f59000 	/System/Library/PrivateFrameworks/RemoteServiceDiscovery.framework/Versions/A/RemoteServiceDiscovery
0x00007fff522d3000 	/System/Library/PrivateFrameworks/Symbolication.framework/Versions/A/Symbolication
0x00007fff32f69000 	/System/Library/PrivateFrameworks/RemoteXPC.framework/Versions/A/RemoteXPC
0x00007fff39474000 	/System/Library/PrivateFrameworks/OSAServicesClient.framework/Versions/A/OSAServicesClient
0x00007fff3dd52000 	/System/Library/PrivateFrameworks/MallocStackLogging.framework/Versions/A/MallocStackLogging
0x00007fff2e1ba000 	/System/Library/PrivateFrameworks/Sharing.framework/Versions/A/Sharing
0x00007fff32b36000 	/System/Library/PrivateFrameworks/Apple80211.framework/Versions/A/Apple80211
0x00007fff29a64000 	/System/Library/PrivateFrameworks/CoreUtils.framework/Versions/A/CoreUtils
0x00007fff29991000 	/System/Library/Frameworks/CoreWLAN.framework/Versions/A/CoreWLAN
0x00007fff2e302000 	/System/Library/Frameworks/IOBluetooth.framework/Versions/A/IOBluetooth
0x00007fff32b9a000 	/System/Library/PrivateFrameworks/CoreWiFi.framework/Versions/A/CoreWiFi
0x00007fff30aba000 	/System/Library/Frameworks/CoreBluetooth.framework/Versions/A/CoreBluetooth
0x00007fff4197f000 	/System/Library/Frameworks/Accelerate.framework/Versions/A/Frameworks/vImage.framework/Versions/A/Libraries/libCGInterfaces.dylib
0x00000001352da000 	/usr/lib/libobjc-trampolines.dylib
0x00007fff3d57a000 	/System/Library/PrivateFrameworks/AccessibilitySharedSupport.framework/Versions/A/AccessibilitySharedSupport
0x00007fff404a6000 	/System/Library/PrivateFrameworks/TextInput.framework/Versions/A/TextInput
0x00007fff2733a000 	/System/Library/PrivateFrameworks/ApplePushService.framework/Versions/A/ApplePushService
0x00007fff27381000 	/System/Library/Frameworks/CloudKit.framework/Versions/A/CloudKit
0x00007fff2df53000 	/System/Library/PrivateFrameworks/IDS.framework/Versions/A/IDS
0x00007fff34e7a000 	/System/Library/PrivateFrameworks/ConstantClasses.framework/Versions/A/ConstantClasses
0x00007fff302b5000 	/System/Library/PrivateFrameworks/CoreDaemon.framework/Versions/B/CoreDaemon
0x00007fff302b0000 	/System/Library/PrivateFrameworks/AppleSRP.framework/Versions/A/AppleSRP
0x00007fff33671000 	/System/Library/PrivateFrameworks/C2.framework/Versions/A/C2
0x00007fff2829d000 	/System/Library/Frameworks/CoreLocation.framework/Versions/A/CoreLocation
0x00007fff3366b000 	/System/Library/Frameworks/PushKit.framework/Versions/A/PushKit
0x00007fff31ca0000 	/System/Library/PrivateFrameworks/CoreTime.framework/Versions/A/CoreTime
0x00007fff2e6e9000 	/System/Library/PrivateFrameworks/GeoServices.framework/Versions/A/GeoServices
0x00007fff2cbb2000 	/System/Library/PrivateFrameworks/LocationSupport.framework/Versions/A/LocationSupport
0x00007fff2cb48000 	/System/Library/PrivateFrameworks/IMFoundation.framework/Versions/A/IMFoundation
0x00007fff38dc5000 	/System/Library/PrivateFrameworks/Marco.framework/Versions/A/Marco
0x00007fff2e057000 	/System/Library/PrivateFrameworks/IDSFoundation.framework/Versions/A/IDSFoundation
0x00007fff36443000 	/System/Library/PrivateFrameworks/Engram.framework/Versions/A/Engram
0x00007fff363f0000 	/usr/lib/libtidy.A.dylib
0x00007fff2b78a000 	/System/Library/PrivateFrameworks/login.framework/Versions/A/login
0x0000000141244000 	/Library/Java/JavaVirtualMachines/jdk1.8.0_281.jdk/Contents/Home/jre/lib/libnio.dylib
0x0000000141256000 	/Library/Java/JavaVirtualMachines/jdk1.8.0_281.jdk/Contents/Home/jre/lib/libnet.dylib
0x0000000141270000 	/Library/Java/JavaVirtualMachines/jdk1.8.0_281.jdk/Contents/Home/jre/lib/libjawt.dylib
0x0000000141277000 	/Library/Java/JavaVirtualMachines/jdk1.8.0_281.jdk/Contents/Home/jre/lib/libawt_lwawt.dylib
0x0000000141326000 	/Library/Java/JavaVirtualMachines/jdk1.8.0_281.jdk/Contents/Home/jre/lib/libawt.dylib
0x00000001413c6000 	/Library/Java/JavaVirtualMachines/jdk1.8.0_281.jdk/Contents/Home/jre/lib/libmlib_image.dylib
0x0000000141485000 	/Library/Java/JavaVirtualMachines/jdk1.8.0_281.jdk/Contents/Home/jre/lib/libosxapp.dylib
0x00007fff3c541000 	/System/Library/Frameworks/ExceptionHandling.framework/Versions/A/ExceptionHandling
0x00007fff6f76e000 	/System/Library/Frameworks/JavaNativeFoundation.framework/Versions/A/JavaNativeFoundation
0x00007fff6f77a000 	/System/Library/Frameworks/JavaRuntimeSupport.framework/Versions/A/JavaRuntimeSupport

VM Arguments:
jvm_args: -agentlib:jdwp=transport=dt_socket,suspend=y,address=localhost:50556 -Djogl.1thread=false -Djava.library.path=/Users/teamumbrella/eclipse/java-2020-12/Eclipse.app/Contents/Eclipse/CHROME_1.0.0 -javaagent:/Users/teamumbrella/eclipse/java-2020-12/Eclipse.app/Contents/Eclipse/configuration/org.eclipse.osgi/213/0/.cp/lib/javaagent-shaded.jar -Dfile.encoding=UTF-8 
java_command: org.cef.chromeTest.SWT_Chrome_WR -Djava.library.path=/Users/teamumbrella/eclipse/java-2020-12/Eclipse.app/Contents/Eclipse/CHROME_1.0.0
java_class_path (initial): /Users/teamumbrella/chrome/chrome/java-cef/out/linux64:/Users/teamumbrella/chrome/chrome/java-cef/third_party/appbundler/appbundler-1.0.jar:/Users/teamumbrella/chrome/chrome/java-cef/third_party/jogamp/jar/gluegen-rt.jar:/Users/teamumbrella/chrome/chrome/java-cef/third_party/jogamp/jar/gluegen-rt-natives-linux-amd64.jar:/Users/teamumbrella/chrome/chrome/java-cef/third_party/jogamp/jar/gluegen-rt-natives-linux-i586.jar:/Users/teamumbrella/chrome/chrome/java-cef/third_party/jogamp/jar/gluegen-rt-natives-macosx-universal.jar:/Users/teamumbrella/chrome/chrome/java-cef/third_party/jogamp/jar/gluegen-rt-natives-windows-amd64.jar:/Users/teamumbrella/chrome/chrome/java-cef/third_party/jogamp/jar/gluegen-rt-natives-windows-i586.jar:/Users/teamumbrella/chrome/chrome/java-cef/third_party/jogamp/jar/jogl-all.jar:/Users/teamumbrella/chrome/chrome/java-cef/third_party/jogamp/jar/jogl-all-natives-linux-amd64.jar:/Users/teamumbrella/chrome/chrome/java-cef/third_party/jogamp/jar/jogl-all-natives-linux-i586.jar:/Users/teamumbrella/chrome/chrome/java-cef/third_party/jogamp/jar/jogl-all-natives-macosx-universal.jar:/Users/teamumbrella/chrome/chrome/java-cef/third_party/jogamp/jar/jogl-all-natives-windows-amd64.jar:/Users/teamumbrella/chrome/chrome/java-cef/third_party/jogamp/jar/jogl-all-natives-windows-i586.jar:/Users/teamumbrella/chrome/chrome/java-cef/third_party/junit/junit-platform-console-standalone-1.4.2.jar:/Users/teamumbrella/chrome/chrome/java-cef/lib/org.eclipse.swt.cocoa.macosx.x86_64-3.115.100.jar:/Users/teamumbrella/chrome/chrome/java-cef/lib/org.eclipse.swt_3.115.100.v20201202-1103.jar:/Users/teamumbrella/eclipse/java-2020-12/Eclipse.app/Contents/Eclipse/configuration/org.eclipse.osgi/213/0/.cp/lib/javaagent-shaded.jar
Launcher Type: SUN_STANDARD

Environment Variables:
PATH=/usr/bin:/bin:/usr/sbin:/sbin
SHELL=/bin/bash

Signal Handlers:
SIGSEGV: [libjvm.dylib+0x5a1f9b], sa_mask[0]=11111111011111110111111111111111, sa_flags=SA_ONSTACK|SA_RESTART|SA_SIGINFO
SIGBUS: [libjvm.dylib+0x5a1f9b], sa_mask[0]=11111111011111110111111111111111, sa_flags=SA_RESTART|SA_SIGINFO
SIGFPE: [libjvm.dylib+0x492701], sa_mask[0]=11111111011111110111111111111111, sa_flags=SA_RESTART|SA_SIGINFO
SIGPIPE: [libjvm.dylib+0x492701], sa_mask[0]=11111111011111110111111111111111, sa_flags=SA_RESTART|SA_SIGINFO
SIGXFSZ: [libjvm.dylib+0x492701], sa_mask[0]=11111111011111110111111111111111, sa_flags=SA_RESTART|SA_SIGINFO
SIGILL: [libjvm.dylib+0x492701], sa_mask[0]=11111111011111110111111111111111, sa_flags=SA_RESTART|SA_SIGINFO
SIGUSR1: SIG_DFL, sa_mask[0]=00000000000000000000000000000000, sa_flags=none
SIGUSR2: [libjvm.dylib+0x492ffa], sa_mask[0]=00100000000000000000000000000000, sa_flags=SA_RESTART|SA_SIGINFO
SIGHUP: [libjvm.dylib+0x491209], sa_mask[0]=11111111011111110111111111111111, sa_flags=SA_RESTART|SA_SIGINFO
SIGINT: [libjvm.dylib+0x491209], sa_mask[0]=11111111011111110111111111111111, sa_flags=SA_RESTART|SA_SIGINFO
SIGTERM: [libjvm.dylib+0x491209], sa_mask[0]=11111111011111110111111111111111, sa_flags=SA_RESTART|SA_SIGINFO
SIGQUIT: [libjvm.dylib+0x491209], sa_mask[0]=11111111011111110111111111111111, sa_flags=SA_RESTART|SA_SIGINFO


---------------  S Y S T E M  ---------------

OS:Bsduname:Darwin 20.3.0 Darwin Kernel Version 20.3.0: Thu Jan 21 00:07:06 PST 2021; root:xnu-7195.81.3~1/RELEASE_X86_64 x86_64
rlimit: STACK 8192k, CORE 0k, NPROC 5568, NOFILE 10240, AS infinity
load average:2.16 2.42 2.31

CPU:total 16 (initial active 16) (8 cores per cpu, 2 threads per core) family 6 model 158 stepping 13, cmov, cx8, fxsr, mmx, sse, sse2, sse3, ssse3, sse4.1, sse4.2, popcnt, avx, avx2, aes, clmul, erms, 3dnowpref, lzcnt, ht, tsc, tscinvbit, bmi1, bmi2, adx

Memory: 4k page, physical 33554432k(1618580k free)

/proc/meminfo:


vm_info: Java HotSpot(TM) 64-Bit Server VM (25.281-b09) for bsd-amd64 JRE (1.8.0_281-b09), built on Dec  9 2020 12:44:49 by "java_re" with gcc 4.2.1 Compatible Apple LLVM 10.0.0 (clang-1000.11.45.5)

time: Tue Feb 23 10:32:09 2021
timezone: CET
elapsed time: 12.541349 seconds (0d 0h 0m 12s)

